{"/home/kaua/landing_page_project/src/main.jsx": {"path":"/home/kaua/landing_page_project/src/main.jsx","statementMap":{"0":{"start":{"line":6,"column":0},"end":{"line":12,"column":2}}},"fnMap":{},"branchMap":{},"s":{"0":0},"f":{},"b":{}}
,"/home/kaua/landing_page_project/src/components/Button/index.jsx": {"path":"/home/kaua/landing_page_project/src/components/Button/index.jsx","statementMap":{"0":{"start":{"line":4,"column":15},"end":{"line":10,"column":1}},"1":{"start":{"line":5,"column":2},"end":{"line":9,"column":4}},"2":{"start":{"line":12,"column":0},"end":{"line":16,"column":2}}},"fnMap":{"0":{"name":"(anonymous_0)","decl":{"start":{"line":4,"column":15},"end":{"line":4,"column":16}},"loc":{"start":{"line":4,"column":60},"end":{"line":10,"column":1}},"line":4}},"branchMap":{"0":{"loc":{"start":{"line":4,"column":28},"end":{"line":4,"column":42}},"type":"default-arg","locations":[{"start":{"line":4,"column":35},"end":{"line":4,"column":42}}],"line":4},"1":{"loc":{"start":{"line":4,"column":44},"end":{"line":4,"column":53}},"type":"default-arg","locations":[{"start":{"line":4,"column":50},"end":{"line":4,"column":53}}],"line":4}},"s":{"0":3,"1":7,"2":3},"f":{"0":7},"b":{"0":[2],"1":[3]},"_coverageSchema":"1a1c01bbd47fc00a2c39e90264f33305004495a9","hash":"6c8aef243366c2d4aab89c02375bcf38e61d916b"}
,"/home/kaua/landing_page_project/src/components/Button/styles.js": {"path":"/home/kaua/landing_page_project/src/components/Button/styles.js","statementMap":{"0":{"start":{"line":3,"column":20},"end":{"line":13,"column":1}},"1":{"start":{"line":4,"column":20},"end":{"line":7,"column":3}},"2":{"start":{"line":9,"column":18},"end":{"line":12,"column":3}},"3":{"start":{"line":15,"column":29},"end":{"line":15,"column":39}},"4":{"start":{"line":17,"column":22},"end":{"line":32,"column":1}},"5":{"start":{"line":18,"column":25},"end":{"line":27,"column":3}}},"fnMap":{"0":{"name":"(anonymous_0)","decl":{"start":{"line":4,"column":9},"end":{"line":4,"column":10}},"loc":{"start":{"line":4,"column":20},"end":{"line":7,"column":3}},"line":4},"1":{"name":"(anonymous_1)","decl":{"start":{"line":9,"column":7},"end":{"line":9,"column":8}},"loc":{"start":{"line":9,"column":18},"end":{"line":12,"column":3}},"line":9},"2":{"name":"(anonymous_2)","decl":{"start":{"line":18,"column":4},"end":{"line":18,"column":5}},"loc":{"start":{"line":18,"column":25},"end":{"line":27,"column":3}},"line":18}},"branchMap":{},"s":{"0":3,"1":5,"2":2,"3":3,"4":3,"5":7},"f":{"0":5,"1":2,"2":7},"b":{},"_coverageSchema":"1a1c01bbd47fc00a2c39e90264f33305004495a9","hash":"9efee38b0307f6b152a017a106e527ebcab50f5f"}
,"/home/kaua/landing_page_project/src/components/Heading/index.jsx": {"path":"/home/kaua/landing_page_project/src/components/Heading/index.jsx","statementMap":{"0":{"start":{"line":4,"column":16},"end":{"line":16,"column":1}},"1":{"start":{"line":11,"column":2},"end":{"line":15,"column":4}},"2":{"start":{"line":18,"column":0},"end":{"line":24,"column":2}}},"fnMap":{"0":{"name":"(anonymous_0)","decl":{"start":{"line":4,"column":16},"end":{"line":4,"column":17}},"loc":{"start":{"line":10,"column":6},"end":{"line":16,"column":1}},"line":10}},"branchMap":{"0":{"loc":{"start":{"line":6,"column":2},"end":{"line":6,"column":15}},"type":"default-arg","locations":[{"start":{"line":6,"column":11},"end":{"line":6,"column":15}}],"line":6},"1":{"loc":{"start":{"line":7,"column":2},"end":{"line":7,"column":11}},"type":"default-arg","locations":[{"start":{"line":7,"column":7},"end":{"line":7,"column":11}}],"line":7},"2":{"loc":{"start":{"line":8,"column":2},"end":{"line":8,"column":19}},"type":"default-arg","locations":[{"start":{"line":8,"column":14},"end":{"line":8,"column":19}}],"line":8},"3":{"loc":{"start":{"line":9,"column":2},"end":{"line":9,"column":17}},"type":"default-arg","locations":[{"start":{"line":9,"column":9},"end":{"line":9,"column":17}}],"line":9}},"s":{"0":3,"1":14,"2":3},"f":{"0":14},"b":{"0":[8],"1":[12],"2":[13],"3":[10]},"_coverageSchema":"1a1c01bbd47fc00a2c39e90264f33305004495a9","hash":"f24f9baa4ffe4b6f846e51464aec9dcf92477041"}
,"/home/kaua/landing_page_project/src/components/Heading/styles.js": {"path":"/home/kaua/landing_page_project/src/components/Heading/styles.js","statementMap":{"0":{"start":{"line":3,"column":19},"end":{"line":20,"column":1}},"1":{"start":{"line":4,"column":20},"end":{"line":6,"column":3}},"2":{"start":{"line":8,"column":21},"end":{"line":10,"column":3}},"3":{"start":{"line":12,"column":18},"end":{"line":14,"column":3}},"4":{"start":{"line":16,"column":19},"end":{"line":19,"column":3}},"5":{"start":{"line":22,"column":18},"end":{"line":26,"column":1}},"6":{"start":{"line":22,"column":29},"end":{"line":26,"column":1}},"7":{"start":{"line":28,"column":21},"end":{"line":34,"column":1}},"8":{"start":{"line":29,"column":44},"end":{"line":33,"column":3}}},"fnMap":{"0":{"name":"(anonymous_0)","decl":{"start":{"line":4,"column":9},"end":{"line":4,"column":10}},"loc":{"start":{"line":4,"column":20},"end":{"line":6,"column":3}},"line":4},"1":{"name":"(anonymous_1)","decl":{"start":{"line":8,"column":10},"end":{"line":8,"column":11}},"loc":{"start":{"line":8,"column":21},"end":{"line":10,"column":3}},"line":8},"2":{"name":"(anonymous_2)","decl":{"start":{"line":12,"column":7},"end":{"line":12,"column":8}},"loc":{"start":{"line":12,"column":18},"end":{"line":14,"column":3}},"line":12},"3":{"name":"(anonymous_3)","decl":{"start":{"line":16,"column":8},"end":{"line":16,"column":9}},"loc":{"start":{"line":16,"column":19},"end":{"line":19,"column":3}},"line":16},"4":{"name":"(anonymous_4)","decl":{"start":{"line":22,"column":18},"end":{"line":22,"column":19}},"loc":{"start":{"line":22,"column":29},"end":{"line":26,"column":1}},"line":22},"5":{"name":"(anonymous_5)","decl":{"start":{"line":29,"column":4},"end":{"line":29,"column":5}},"loc":{"start":{"line":29,"column":44},"end":{"line":33,"column":3}},"line":29}},"branchMap":{"0":{"loc":{"start":{"line":30,"column":13},"end":{"line":30,"column":68}},"type":"cond-expr","locations":[{"start":{"line":30,"column":22},"end":{"line":30,"column":47}},{"start":{"line":30,"column":50},"end":{"line":30,"column":68}}],"line":30},"1":{"loc":{"start":{"line":31,"column":22},"end":{"line":31,"column":54}},"type":"cond-expr","locations":[{"start":{"line":31,"column":34},"end":{"line":31,"column":45}},{"start":{"line":31,"column":48},"end":{"line":31,"column":54}}],"line":31}},"s":{"0":3,"1":1,"2":10,"3":1,"4":2,"5":3,"6":2,"7":3,"8":14},"f":{"0":1,"1":10,"2":1,"3":2,"4":2,"5":14},"b":{"0":[12,2],"1":[1,13]},"_coverageSchema":"1a1c01bbd47fc00a2c39e90264f33305004495a9","hash":"fc1885ee0bf6aa88284f75ff5be76da3bfb67fab"}
,"/home/kaua/landing_page_project/src/components/MenuLink/index.jsx": {"path":"/home/kaua/landing_page_project/src/components/MenuLink/index.jsx","statementMap":{"0":{"start":{"line":4,"column":17},"end":{"line":10,"column":1}},"1":{"start":{"line":5,"column":2},"end":{"line":9,"column":4}},"2":{"start":{"line":12,"column":0},"end":{"line":16,"column":2}}},"fnMap":{"0":{"name":"(anonymous_0)","decl":{"start":{"line":4,"column":17},"end":{"line":4,"column":18}},"loc":{"start":{"line":4,"column":65},"end":{"line":10,"column":1}},"line":4}},"branchMap":{"0":{"loc":{"start":{"line":4,"column":36},"end":{"line":4,"column":58}},"type":"default-arg","locations":[{"start":{"line":4,"column":54},"end":{"line":4,"column":58}}],"line":4},"1":{"loc":{"start":{"line":6,"column":37},"end":{"line":6,"column":73}},"type":"cond-expr","locations":[{"start":{"line":6,"column":55},"end":{"line":6,"column":62}},{"start":{"line":6,"column":65},"end":{"line":6,"column":73}}],"line":6}},"s":{"0":1,"1":2,"2":1},"f":{"0":2},"b":{"0":[1],"1":[1,1]},"_coverageSchema":"1a1c01bbd47fc00a2c39e90264f33305004495a9","hash":"cb2b6c4601f2739eabed1ad9d6f340fe0f456e21"}
,"/home/kaua/landing_page_project/src/components/MenuLink/styles.js": {"path":"/home/kaua/landing_page_project/src/components/MenuLink/styles.js","statementMap":{"0":{"start":{"line":3,"column":20},"end":{"line":28,"column":1}},"1":{"start":{"line":4,"column":19},"end":{"line":27,"column":3}}},"fnMap":{"0":{"name":"(anonymous_0)","decl":{"start":{"line":4,"column":4},"end":{"line":4,"column":5}},"loc":{"start":{"line":4,"column":19},"end":{"line":27,"column":3}},"line":4}},"branchMap":{},"s":{"0":1,"1":2},"f":{"0":2},"b":{},"_coverageSchema":"1a1c01bbd47fc00a2c39e90264f33305004495a9","hash":"b67da04662d57f3dfc5c9a17716721039d730ee2"}
,"/home/kaua/landing_page_project/src/components/SectionBackground/index.jsx": {"path":"/home/kaua/landing_page_project/src/components/SectionBackground/index.jsx","statementMap":{"0":{"start":{"line":5,"column":26},"end":{"line":11,"column":1}},"1":{"start":{"line":6,"column":2},"end":{"line":10,"column":4}},"2":{"start":{"line":13,"column":0},"end":{"line":16,"column":2}}},"fnMap":{"0":{"name":"(anonymous_0)","decl":{"start":{"line":5,"column":26},"end":{"line":5,"column":27}},"loc":{"start":{"line":5,"column":64},"end":{"line":11,"column":1}},"line":5}},"branchMap":{"0":{"loc":{"start":{"line":5,"column":39},"end":{"line":5,"column":57}},"type":"default-arg","locations":[{"start":{"line":5,"column":52},"end":{"line":5,"column":57}}],"line":5}},"s":{"0":3,"1":7,"2":3},"f":{"0":7},"b":{"0":[5]},"_coverageSchema":"1a1c01bbd47fc00a2c39e90264f33305004495a9","hash":"e85a22aaf4e85859140c7056bd2bdc0edf98d21e"}
,"/home/kaua/landing_page_project/src/components/SectionBackground/styles.js": {"path":"/home/kaua/landing_page_project/src/components/SectionBackground/styles.js","statementMap":{"0":{"start":{"line":3,"column":25},"end":{"line":13,"column":1}},"1":{"start":{"line":4,"column":31},"end":{"line":12,"column":3}}},"fnMap":{"0":{"name":"(anonymous_0)","decl":{"start":{"line":4,"column":4},"end":{"line":4,"column":5}},"loc":{"start":{"line":4,"column":31},"end":{"line":12,"column":3}},"line":4}},"branchMap":{"0":{"loc":{"start":{"line":6,"column":6},"end":{"line":6,"column":65}},"type":"cond-expr","locations":[{"start":{"line":6,"column":19},"end":{"line":6,"column":44}},{"start":{"line":6,"column":47},"end":{"line":6,"column":65}}],"line":6},"1":{"loc":{"start":{"line":8,"column":13},"end":{"line":8,"column":72}},"type":"cond-expr","locations":[{"start":{"line":8,"column":26},"end":{"line":8,"column":44}},{"start":{"line":8,"column":47},"end":{"line":8,"column":72}}],"line":8}},"s":{"0":3,"1":7},"f":{"0":7},"b":{"0":[2,5],"1":[2,5]},"_coverageSchema":"1a1c01bbd47fc00a2c39e90264f33305004495a9","hash":"e1094fc832a35e55f0614987ecdfe3e4aa5750a6"}
,"/home/kaua/landing_page_project/src/components/SectionBox/index.jsx": {"path":"/home/kaua/landing_page_project/src/components/SectionBox/index.jsx","statementMap":{"0":{"start":{"line":8,"column":19},"end":{"line":26,"column":1}},"1":{"start":{"line":9,"column":2},"end":{"line":25,"column":4}},"2":{"start":{"line":14,"column":10},"end":{"line":14,"column":69}},"3":{"start":{"line":28,"column":0},"end":{"line":42,"column":2}}},"fnMap":{"0":{"name":"(anonymous_0)","decl":{"start":{"line":8,"column":19},"end":{"line":8,"column":20}},"loc":{"start":{"line":8,"column":78},"end":{"line":26,"column":1}},"line":8},"1":{"name":"(anonymous_1)","decl":{"start":{"line":13,"column":24},"end":{"line":13,"column":25}},"loc":{"start":{"line":14,"column":10},"end":{"line":14,"column":69}},"line":14}},"branchMap":{"0":{"loc":{"start":{"line":8,"column":41},"end":{"line":8,"column":56}},"type":"default-arg","locations":[{"start":{"line":8,"column":54},"end":{"line":8,"column":56}}],"line":8},"1":{"loc":{"start":{"line":8,"column":58},"end":{"line":8,"column":71}},"type":"default-arg","locations":[{"start":{"line":8,"column":67},"end":{"line":8,"column":71}}],"line":8},"2":{"loc":{"start":{"line":16,"column":9},"end":{"line":22,"column":9}},"type":"cond-expr","locations":[{"start":{"line":17,"column":10},"end":{"line":17,"column":15}},{"start":{"line":19,"column":10},"end":{"line":21,"column":19}}],"line":16}},"s":{"0":2,"1":5,"2":10,"3":2},"f":{"0":5,"1":10},"b":{"0":[1],"1":[1],"2":[1,4]},"_coverageSchema":"1a1c01bbd47fc00a2c39e90264f33305004495a9","hash":"e2a39dd6572174a26105b8b55608bd754ebeb6e0"}
,"/home/kaua/landing_page_project/src/components/SectionBox/styles.js": {"path":"/home/kaua/landing_page_project/src/components/SectionBox/styles.js","statementMap":{"0":{"start":{"line":6,"column":25},"end":{"line":28,"column":1}},"1":{"start":{"line":7,"column":19},"end":{"line":27,"column":3}}},"fnMap":{"0":{"name":"(anonymous_0)","decl":{"start":{"line":7,"column":4},"end":{"line":7,"column":5}},"loc":{"start":{"line":7,"column":19},"end":{"line":27,"column":3}},"line":7}},"branchMap":{},"s":{"0":2,"1":5},"f":{"0":5},"b":{},"_coverageSchema":"1a1c01bbd47fc00a2c39e90264f33305004495a9","hash":"9ef741ab6b6882012df798159cb966cbff9f69d4"}
,"/home/kaua/landing_page_project/src/components/SectionContainer/index.jsx": {"path":"/home/kaua/landing_page_project/src/components/SectionContainer/index.jsx","statementMap":{"0":{"start":{"line":4,"column":25},"end":{"line":6,"column":1}},"1":{"start":{"line":5,"column":2},"end":{"line":5,"column":57}},"2":{"start":{"line":8,"column":0},"end":{"line":10,"column":2}}},"fnMap":{"0":{"name":"(anonymous_0)","decl":{"start":{"line":4,"column":25},"end":{"line":4,"column":26}},"loc":{"start":{"line":4,"column":43},"end":{"line":6,"column":1}},"line":4}},"branchMap":{},"s":{"0":4,"1":8,"2":4},"f":{"0":8},"b":{},"_coverageSchema":"1a1c01bbd47fc00a2c39e90264f33305004495a9","hash":"e08b91d6659a348a6ab63a1c5cb7b6df492e1509"}
,"/home/kaua/landing_page_project/src/components/SectionContainer/styles.js": {"path":"/home/kaua/landing_page_project/src/components/SectionContainer/styles.js","statementMap":{"0":{"start":{"line":3,"column":25},"end":{"line":10,"column":1}},"1":{"start":{"line":4,"column":19},"end":{"line":9,"column":3}}},"fnMap":{"0":{"name":"(anonymous_0)","decl":{"start":{"line":4,"column":4},"end":{"line":4,"column":5}},"loc":{"start":{"line":4,"column":19},"end":{"line":9,"column":3}},"line":4}},"branchMap":{},"s":{"0":4,"1":8},"f":{"0":8},"b":{},"_coverageSchema":"1a1c01bbd47fc00a2c39e90264f33305004495a9","hash":"f2d90c6d5890a5d88185518f04fb547dce6d3c92"}
,"/home/kaua/landing_page_project/src/components/TextComponent/index.jsx": {"path":"/home/kaua/landing_page_project/src/components/TextComponent/index.jsx","statementMap":{"0":{"start":{"line":4,"column":22},"end":{"line":6,"column":1}},"1":{"start":{"line":5,"column":2},"end":{"line":5,"column":47}},"2":{"start":{"line":8,"column":0},"end":{"line":10,"column":2}}},"fnMap":{"0":{"name":"(anonymous_0)","decl":{"start":{"line":4,"column":22},"end":{"line":4,"column":23}},"loc":{"start":{"line":4,"column":40},"end":{"line":6,"column":1}},"line":4}},"branchMap":{},"s":{"0":3,"1":12,"2":3},"f":{"0":12},"b":{},"_coverageSchema":"1a1c01bbd47fc00a2c39e90264f33305004495a9","hash":"10dfd39d5f2c18f7b6408db51249c16ee9fbb834"}
,"/home/kaua/landing_page_project/src/components/TextComponent/styles.js": {"path":"/home/kaua/landing_page_project/src/components/TextComponent/styles.js","statementMap":{"0":{"start":{"line":3,"column":20},"end":{"line":7,"column":1}},"1":{"start":{"line":4,"column":19},"end":{"line":6,"column":3}}},"fnMap":{"0":{"name":"(anonymous_0)","decl":{"start":{"line":4,"column":4},"end":{"line":4,"column":5}},"loc":{"start":{"line":4,"column":19},"end":{"line":6,"column":3}},"line":4}},"branchMap":{},"s":{"0":3,"1":12},"f":{"0":12},"b":{},"_coverageSchema":"1a1c01bbd47fc00a2c39e90264f33305004495a9","hash":"2b3a2b8d1d1ac4048615238c80210ee8ff1732ca"}
,"/home/kaua/landing_page_project/src/templates/Home/index.jsx": {"path":"/home/kaua/landing_page_project/src/templates/Home/index.jsx","statementMap":{"0":{"start":{"line":3,"column":13},"end":{"line":20,"column":1}},"1":{"start":{"line":4,"column":2},"end":{"line":19,"column":4}}},"fnMap":{"0":{"name":"(anonymous_0)","decl":{"start":{"line":3,"column":13},"end":{"line":3,"column":14}},"loc":{"start":{"line":3,"column":19},"end":{"line":20,"column":1}},"line":3}},"branchMap":{},"s":{"0":1,"1":2},"f":{"0":2},"b":{},"_coverageSchema":"1a1c01bbd47fc00a2c39e90264f33305004495a9","hash":"9208ad5b65e788fd0a54822d4437fc8d72e82d03"}
}
