{"/home/kaua/landing_page_project/src/main.jsx": {"path":"/home/kaua/landing_page_project/src/main.jsx","statementMap":{"0":{"start":{"line":6,"column":0},"end":{"line":12,"column":2}}},"fnMap":{},"branchMap":{},"s":{"0":0},"f":{},"b":{}}
,"/home/kaua/landing_page_project/src/api/map-button.js": {"path":"/home/kaua/landing_page_project/src/api/map-button.js","statementMap":{"0":{"start":{"line":1,"column":25},"end":{"line":13,"column":1}},"1":{"start":{"line":6,"column":6},"end":{"line":6,"column":12}},"2":{"start":{"line":8,"column":2},"end":{"line":12,"column":4}}},"fnMap":{"0":{"name":"(anonymous_0)","decl":{"start":{"line":1,"column":25},"end":{"line":1,"column":26}},"loc":{"start":{"line":1,"column":42},"end":{"line":13,"column":1}},"line":1}},"branchMap":{"0":{"loc":{"start":{"line":1,"column":26},"end":{"line":1,"column":37}},"type":"default-arg","locations":[{"start":{"line":1,"column":35},"end":{"line":1,"column":37}}],"line":1},"1":{"loc":{"start":{"line":3,"column":17},"end":{"line":3,"column":32}},"type":"default-arg","locations":[{"start":{"line":3,"column":30},"end":{"line":3,"column":32}}],"line":3},"2":{"loc":{"start":{"line":4,"column":9},"end":{"line":4,"column":23}},"type":"default-arg","locations":[{"start":{"line":4,"column":21},"end":{"line":4,"column":23}}],"line":4},"3":{"loc":{"start":{"line":5,"column":4},"end":{"line":5,"column":13}},"type":"default-arg","locations":[{"start":{"line":5,"column":11},"end":{"line":5,"column":13}}],"line":5}},"s":{"0":2,"1":20,"2":20},"f":{"0":20},"b":{"0":[11],"1":[11],"2":[11],"3":[11]},"_coverageSchema":"1a1c01bbd47fc00a2c39e90264f33305004495a9","hash":"2cd721282d52712fc6ce7c9827ad5a3c3561c183"}
,"/home/kaua/landing_page_project/src/api/map-data.js": {"path":"/home/kaua/landing_page_project/src/api/map-data.js","statementMap":{"0":{"start":{"line":1,"column":23},"end":{"line":23,"column":1}},"1":{"start":{"line":2,"column":2},"end":{"line":22,"column":5}},"2":{"start":{"line":3,"column":25},"end":{"line":3,"column":40}},"3":{"start":{"line":13,"column":8},"end":{"line":13,"column":46}},"4":{"start":{"line":15,"column":4},"end":{"line":21,"column":6}}},"fnMap":{"0":{"name":"(anonymous_0)","decl":{"start":{"line":1,"column":23},"end":{"line":1,"column":24}},"loc":{"start":{"line":1,"column":45},"end":{"line":23,"column":1}},"line":1},"1":{"name":"(anonymous_1)","decl":{"start":{"line":2,"column":23},"end":{"line":2,"column":24}},"loc":{"start":{"line":2,"column":33},"end":{"line":22,"column":3}},"line":2}},"branchMap":{"0":{"loc":{"start":{"line":1,"column":24},"end":{"line":1,"column":40}},"type":"default-arg","locations":[{"start":{"line":1,"column":36},"end":{"line":1,"column":40}}],"line":1},"1":{"loc":{"start":{"line":6,"column":6},"end":{"line":6,"column":16}},"type":"default-arg","locations":[{"start":{"line":6,"column":14},"end":{"line":6,"column":16}}],"line":6},"2":{"loc":{"start":{"line":7,"column":6},"end":{"line":7,"column":15}},"type":"default-arg","locations":[{"start":{"line":7,"column":13},"end":{"line":7,"column":15}}],"line":7},"3":{"loc":{"start":{"line":8,"column":6},"end":{"line":8,"column":19}},"type":"default-arg","locations":[{"start":{"line":8,"column":17},"end":{"line":8,"column":19}}],"line":8},"4":{"loc":{"start":{"line":9,"column":6},"end":{"line":9,"column":15}},"type":"default-arg","locations":[{"start":{"line":9,"column":13},"end":{"line":9,"column":15}}],"line":9},"5":{"loc":{"start":{"line":10,"column":19},"end":{"line":12,"column":12}},"type":"default-arg","locations":[{"start":{"line":12,"column":10},"end":{"line":12,"column":12}}],"line":10},"6":{"loc":{"start":{"line":11,"column":8},"end":{"line":11,"column":64}},"type":"default-arg","locations":[{"start":{"line":11,"column":62},"end":{"line":11,"column":64}}],"line":11},"7":{"loc":{"start":{"line":11,"column":20},"end":{"line":11,"column":57}},"type":"default-arg","locations":[{"start":{"line":11,"column":55},"end":{"line":11,"column":57}}],"line":11},"8":{"loc":{"start":{"line":11,"column":21},"end":{"line":11,"column":51}},"type":"default-arg","locations":[{"start":{"line":11,"column":49},"end":{"line":11,"column":51}}],"line":11},"9":{"loc":{"start":{"line":11,"column":29},"end":{"line":11,"column":44}},"type":"default-arg","locations":[{"start":{"line":11,"column":42},"end":{"line":11,"column":44}}],"line":11},"10":{"loc":{"start":{"line":13,"column":8},"end":{"line":13,"column":46}},"type":"cond-expr","locations":[{"start":{"line":13,"column":25},"end":{"line":13,"column":39}},{"start":{"line":13,"column":42},"end":{"line":13,"column":46}}],"line":13}},"s":{"0":1,"1":2,"2":2,"3":2,"4":2},"f":{"0":2,"1":2},"b":{"0":[1],"1":[1],"2":[1],"3":[1],"4":[1],"5":[1],"6":[1],"7":[1],"8":[1],"9":[1],"10":[1,1]},"_coverageSchema":"1a1c01bbd47fc00a2c39e90264f33305004495a9","hash":"2044c53c66144b4fe4403dd215f54137dc39547a"}
,"/home/kaua/landing_page_project/src/api/map-menu.js": {"path":"/home/kaua/landing_page_project/src/api/map-menu.js","statementMap":{"0":{"start":{"line":1,"column":23},"end":{"line":19,"column":1}},"1":{"start":{"line":6,"column":6},"end":{"line":6,"column":10}},"2":{"start":{"line":9,"column":4},"end":{"line":11,"column":10}},"3":{"start":{"line":13,"column":2},"end":{"line":18,"column":4}},"4":{"start":{"line":21,"column":28},"end":{"line":37,"column":1}},"5":{"start":{"line":22,"column":2},"end":{"line":36,"column":5}},"6":{"start":{"line":23,"column":69},"end":{"line":23,"column":73}},"7":{"start":{"line":25,"column":4},"end":{"line":29,"column":7}},"8":{"start":{"line":31,"column":4},"end":{"line":35,"column":6}}},"fnMap":{"0":{"name":"(anonymous_0)","decl":{"start":{"line":1,"column":23},"end":{"line":1,"column":24}},"loc":{"start":{"line":1,"column":38},"end":{"line":19,"column":1}},"line":1},"1":{"name":"(anonymous_1)","decl":{"start":{"line":21,"column":28},"end":{"line":21,"column":29}},"loc":{"start":{"line":21,"column":44},"end":{"line":37,"column":1}},"line":21},"2":{"name":"(anonymous_2)","decl":{"start":{"line":22,"column":19},"end":{"line":22,"column":20}},"loc":{"start":{"line":22,"column":29},"end":{"line":36,"column":3}},"line":22}},"branchMap":{"0":{"loc":{"start":{"line":1,"column":24},"end":{"line":1,"column":33}},"type":"default-arg","locations":[{"start":{"line":1,"column":31},"end":{"line":1,"column":33}}],"line":1},"1":{"loc":{"start":{"line":3,"column":16},"end":{"line":3,"column":30}},"type":"default-arg","locations":[{"start":{"line":3,"column":28},"end":{"line":3,"column":30}}],"line":3},"2":{"loc":{"start":{"line":4,"column":15},"end":{"line":4,"column":24}},"type":"default-arg","locations":[{"start":{"line":4,"column":22},"end":{"line":4,"column":24}}],"line":4},"3":{"loc":{"start":{"line":5,"column":16},"end":{"line":5,"column":26}},"type":"default-arg","locations":[{"start":{"line":5,"column":24},"end":{"line":5,"column":26}}],"line":5},"4":{"loc":{"start":{"line":9,"column":4},"end":{"line":11,"column":10}},"type":"cond-expr","locations":[{"start":{"line":10,"column":8},"end":{"line":10,"column":43}},{"start":{"line":11,"column":8},"end":{"line":11,"column":10}}],"line":9},"5":{"loc":{"start":{"line":9,"column":4},"end":{"line":9,"column":43}},"type":"binary-expr","locations":[{"start":{"line":9,"column":4},"end":{"line":9,"column":19}},{"start":{"line":9,"column":23},"end":{"line":9,"column":43}}],"line":9},"6":{"loc":{"start":{"line":21,"column":29},"end":{"line":21,"column":39}},"type":"default-arg","locations":[{"start":{"line":21,"column":37},"end":{"line":21,"column":39}}],"line":21},"7":{"loc":{"start":{"line":23,"column":12},"end":{"line":23,"column":21}},"type":"default-arg","locations":[{"start":{"line":23,"column":19},"end":{"line":23,"column":21}}],"line":23},"8":{"loc":{"start":{"line":23,"column":23},"end":{"line":23,"column":31}},"type":"default-arg","locations":[{"start":{"line":23,"column":29},"end":{"line":23,"column":31}}],"line":23},"9":{"loc":{"start":{"line":23,"column":50},"end":{"line":23,"column":64}},"type":"default-arg","locations":[{"start":{"line":23,"column":59},"end":{"line":23,"column":64}}],"line":23}},"s":{"0":1,"1":2,"2":2,"3":2,"4":1,"5":5,"6":9,"7":9,"8":9},"f":{"0":2,"1":5,"2":9},"b":{"0":[1],"1":[1],"2":[1],"3":[1],"4":[1,1],"5":[2,1],"6":[1],"7":[1],"8":[1],"9":[1]},"_coverageSchema":"1a1c01bbd47fc00a2c39e90264f33305004495a9","hash":"760af78388ee5ed04899bf8287d1ed1475477a58"}
,"/home/kaua/landing_page_project/src/api/map-sections.js": {"path":"/home/kaua/landing_page_project/src/api/map-sections.js","statementMap":{"0":{"start":{"line":4,"column":27},"end":{"line":24,"column":1}},"1":{"start":{"line":5,"column":2},"end":{"line":23,"column":5}},"2":{"start":{"line":6,"column":44},"end":{"line":6,"column":51}},"3":{"start":{"line":8,"column":4},"end":{"line":20,"column":5}},"4":{"start":{"line":9,"column":6},"end":{"line":9,"column":43}},"5":{"start":{"line":10,"column":11},"end":{"line":20,"column":5}},"6":{"start":{"line":11,"column":6},"end":{"line":11,"column":36}},"7":{"start":{"line":12,"column":11},"end":{"line":20,"column":5}},"8":{"start":{"line":13,"column":6},"end":{"line":13,"column":40}},"9":{"start":{"line":14,"column":11},"end":{"line":20,"column":5}},"10":{"start":{"line":15,"column":71},"end":{"line":15,"column":78}},"11":{"start":{"line":17,"column":6},"end":{"line":17,"column":66}},"12":{"start":{"line":17,"column":31},"end":{"line":17,"column":66}},"13":{"start":{"line":19,"column":6},"end":{"line":19,"column":68}},"14":{"start":{"line":19,"column":32},"end":{"line":19,"column":68}},"15":{"start":{"line":22,"column":4},"end":{"line":22,"column":19}},"16":{"start":{"line":26,"column":36},"end":{"line":54,"column":1}},"17":{"start":{"line":39,"column":6},"end":{"line":39,"column":13}},"18":{"start":{"line":41,"column":2},"end":{"line":42,"column":39}},"19":{"start":{"line":41,"column":23},"end":{"line":41,"column":41}},"20":{"start":{"line":42,"column":7},"end":{"line":42,"column":39}},"21":{"start":{"line":44,"column":2},"end":{"line":53,"column":4}},"22":{"start":{"line":56,"column":29},"end":{"line":81,"column":1}},"23":{"start":{"line":64,"column":6},"end":{"line":64,"column":13}},"24":{"start":{"line":66,"column":2},"end":{"line":67,"column":39}},"25":{"start":{"line":66,"column":23},"end":{"line":66,"column":41}},"26":{"start":{"line":67,"column":7},"end":{"line":67,"column":39}},"27":{"start":{"line":69,"column":2},"end":{"line":80,"column":4}},"28":{"start":{"line":73,"column":28},"end":{"line":73,"column":37}},"29":{"start":{"line":75,"column":6},"end":{"line":75,"column":18}},"30":{"start":{"line":83,"column":33},"end":{"line":104,"column":1}},"31":{"start":{"line":91,"column":6},"end":{"line":91,"column":13}},"32":{"start":{"line":93,"column":2},"end":{"line":94,"column":39}},"33":{"start":{"line":93,"column":23},"end":{"line":93,"column":41}},"34":{"start":{"line":94,"column":7},"end":{"line":94,"column":39}},"35":{"start":{"line":96,"column":2},"end":{"line":103,"column":4}},"36":{"start":{"line":106,"column":34},"end":{"line":135,"column":1}},"37":{"start":{"line":114,"column":6},"end":{"line":114,"column":13}},"38":{"start":{"line":116,"column":2},"end":{"line":117,"column":39}},"39":{"start":{"line":116,"column":23},"end":{"line":116,"column":41}},"40":{"start":{"line":117,"column":7},"end":{"line":117,"column":39}},"41":{"start":{"line":119,"column":2},"end":{"line":134,"column":4}},"42":{"start":{"line":124,"column":47},"end":{"line":124,"column":51}},"43":{"start":{"line":126,"column":6},"end":{"line":129,"column":8}},"44":{"start":{"line":137,"column":35},"end":{"line":177,"column":1}},"45":{"start":{"line":145,"column":6},"end":{"line":145,"column":13}},"46":{"start":{"line":147,"column":2},"end":{"line":148,"column":39}},"47":{"start":{"line":147,"column":23},"end":{"line":147,"column":41}},"48":{"start":{"line":148,"column":7},"end":{"line":148,"column":39}},"49":{"start":{"line":150,"column":2},"end":{"line":176,"column":4}},"50":{"start":{"line":166,"column":10},"end":{"line":166,"column":14}},"51":{"start":{"line":168,"column":6},"end":{"line":171,"column":8}}},"fnMap":{"0":{"name":"(anonymous_0)","decl":{"start":{"line":4,"column":27},"end":{"line":4,"column":28}},"loc":{"start":{"line":4,"column":46},"end":{"line":24,"column":1}},"line":4},"1":{"name":"(anonymous_1)","decl":{"start":{"line":5,"column":22},"end":{"line":5,"column":23}},"loc":{"start":{"line":5,"column":35},"end":{"line":23,"column":3}},"line":5},"2":{"name":"(anonymous_2)","decl":{"start":{"line":26,"column":36},"end":{"line":26,"column":37}},"loc":{"start":{"line":26,"column":54},"end":{"line":54,"column":1}},"line":26},"3":{"name":"(anonymous_3)","decl":{"start":{"line":56,"column":29},"end":{"line":56,"column":30}},"loc":{"start":{"line":56,"column":47},"end":{"line":81,"column":1}},"line":56},"4":{"name":"(anonymous_4)","decl":{"start":{"line":72,"column":31},"end":{"line":72,"column":32}},"loc":{"start":{"line":72,"column":46},"end":{"line":76,"column":5}},"line":72},"5":{"name":"(anonymous_5)","decl":{"start":{"line":83,"column":33},"end":{"line":83,"column":34}},"loc":{"start":{"line":83,"column":51},"end":{"line":104,"column":1}},"line":83},"6":{"name":"(anonymous_6)","decl":{"start":{"line":106,"column":34},"end":{"line":106,"column":35}},"loc":{"start":{"line":106,"column":52},"end":{"line":135,"column":1}},"line":106},"7":{"name":"(anonymous_7)","decl":{"start":{"line":123,"column":27},"end":{"line":123,"column":28}},"loc":{"start":{"line":123,"column":37},"end":{"line":130,"column":5}},"line":123},"8":{"name":"(anonymous_8)","decl":{"start":{"line":137,"column":35},"end":{"line":137,"column":36}},"loc":{"start":{"line":137,"column":53},"end":{"line":177,"column":1}},"line":137},"9":{"name":"(anonymous_9)","decl":{"start":{"line":154,"column":29},"end":{"line":154,"column":30}},"loc":{"start":{"line":154,"column":39},"end":{"line":172,"column":5}},"line":154}},"branchMap":{"0":{"loc":{"start":{"line":4,"column":28},"end":{"line":4,"column":41}},"type":"default-arg","locations":[{"start":{"line":4,"column":39},"end":{"line":4,"column":41}}],"line":4},"1":{"loc":{"start":{"line":6,"column":25},"end":{"line":6,"column":39}},"type":"default-arg","locations":[{"start":{"line":6,"column":37},"end":{"line":6,"column":39}}],"line":6},"2":{"loc":{"start":{"line":8,"column":4},"end":{"line":20,"column":5}},"type":"if","locations":[{"start":{"line":8,"column":4},"end":{"line":20,"column":5}},{"start":{"line":10,"column":11},"end":{"line":20,"column":5}}],"line":8},"3":{"loc":{"start":{"line":10,"column":11},"end":{"line":20,"column":5}},"type":"if","locations":[{"start":{"line":10,"column":11},"end":{"line":20,"column":5}},{"start":{"line":12,"column":11},"end":{"line":20,"column":5}}],"line":10},"4":{"loc":{"start":{"line":12,"column":11},"end":{"line":20,"column":5}},"type":"if","locations":[{"start":{"line":12,"column":11},"end":{"line":20,"column":5}},{"start":{"line":14,"column":11},"end":{"line":20,"column":5}}],"line":12},"5":{"loc":{"start":{"line":14,"column":11},"end":{"line":20,"column":5}},"type":"if","locations":[{"start":{"line":14,"column":11},"end":{"line":20,"column":5}},{"start":{},"end":{}}],"line":14},"6":{"loc":{"start":{"line":15,"column":25},"end":{"line":15,"column":38}},"type":"default-arg","locations":[{"start":{"line":15,"column":36},"end":{"line":15,"column":38}}],"line":15},"7":{"loc":{"start":{"line":15,"column":52},"end":{"line":15,"column":66}},"type":"default-arg","locations":[{"start":{"line":15,"column":64},"end":{"line":15,"column":66}}],"line":15},"8":{"loc":{"start":{"line":17,"column":6},"end":{"line":17,"column":66}},"type":"if","locations":[{"start":{"line":17,"column":6},"end":{"line":17,"column":66}},{"start":{},"end":{}}],"line":17},"9":{"loc":{"start":{"line":19,"column":6},"end":{"line":19,"column":68}},"type":"if","locations":[{"start":{"line":19,"column":6},"end":{"line":19,"column":68}},{"start":{},"end":{}}],"line":19},"10":{"loc":{"start":{"line":26,"column":37},"end":{"line":26,"column":49}},"type":"default-arg","locations":[{"start":{"line":26,"column":47},"end":{"line":26,"column":49}}],"line":26},"11":{"loc":{"start":{"line":30,"column":17},"end":{"line":30,"column":58}},"type":"default-arg","locations":[{"start":{"line":30,"column":29},"end":{"line":30,"column":58}}],"line":30},"12":{"loc":{"start":{"line":31,"column":4},"end":{"line":31,"column":14}},"type":"default-arg","locations":[{"start":{"line":31,"column":12},"end":{"line":31,"column":14}}],"line":31},"13":{"loc":{"start":{"line":32,"column":4},"end":{"line":32,"column":20}},"type":"default-arg","locations":[{"start":{"line":32,"column":18},"end":{"line":32,"column":20}}],"line":32},"14":{"loc":{"start":{"line":33,"column":11},"end":{"line":37,"column":10}},"type":"default-arg","locations":[{"start":{"line":37,"column":8},"end":{"line":37,"column":10}}],"line":33},"15":{"loc":{"start":{"line":34,"column":12},"end":{"line":36,"column":12}},"type":"default-arg","locations":[{"start":{"line":36,"column":10},"end":{"line":36,"column":12}}],"line":34},"16":{"loc":{"start":{"line":35,"column":20},"end":{"line":35,"column":76}},"type":"default-arg","locations":[{"start":{"line":35,"column":74},"end":{"line":35,"column":76}}],"line":35},"17":{"loc":{"start":{"line":35,"column":27},"end":{"line":35,"column":38}},"type":"default-arg","locations":[{"start":{"line":35,"column":36},"end":{"line":35,"column":38}}],"line":35},"18":{"loc":{"start":{"line":35,"column":57},"end":{"line":35,"column":69}},"type":"default-arg","locations":[{"start":{"line":35,"column":67},"end":{"line":35,"column":69}}],"line":35},"19":{"loc":{"start":{"line":38,"column":14},"end":{"line":38,"column":69}},"type":"default-arg","locations":[{"start":{"line":38,"column":67},"end":{"line":38,"column":69}}],"line":38},"20":{"loc":{"start":{"line":38,"column":28},"end":{"line":38,"column":42}},"type":"default-arg","locations":[{"start":{"line":38,"column":40},"end":{"line":38,"column":42}}],"line":38},"21":{"loc":{"start":{"line":38,"column":44},"end":{"line":38,"column":62}},"type":"default-arg","locations":[{"start":{"line":38,"column":57},"end":{"line":38,"column":62}}],"line":38},"22":{"loc":{"start":{"line":41,"column":2},"end":{"line":42,"column":39}},"type":"if","locations":[{"start":{"line":41,"column":2},"end":{"line":42,"column":39}},{"start":{"line":42,"column":7},"end":{"line":42,"column":39}}],"line":41},"23":{"loc":{"start":{"line":56,"column":30},"end":{"line":56,"column":42}},"type":"default-arg","locations":[{"start":{"line":56,"column":40},"end":{"line":56,"column":42}}],"line":56},"24":{"loc":{"start":{"line":60,"column":17},"end":{"line":60,"column":50}},"type":"default-arg","locations":[{"start":{"line":60,"column":29},"end":{"line":60,"column":50}}],"line":60},"25":{"loc":{"start":{"line":61,"column":4},"end":{"line":61,"column":14}},"type":"default-arg","locations":[{"start":{"line":61,"column":12},"end":{"line":61,"column":14}}],"line":61},"26":{"loc":{"start":{"line":62,"column":15},"end":{"line":62,"column":30}},"type":"default-arg","locations":[{"start":{"line":62,"column":28},"end":{"line":62,"column":30}}],"line":62},"27":{"loc":{"start":{"line":63,"column":14},"end":{"line":63,"column":69}},"type":"default-arg","locations":[{"start":{"line":63,"column":67},"end":{"line":63,"column":69}}],"line":63},"28":{"loc":{"start":{"line":63,"column":28},"end":{"line":63,"column":42}},"type":"default-arg","locations":[{"start":{"line":63,"column":40},"end":{"line":63,"column":42}}],"line":63},"29":{"loc":{"start":{"line":63,"column":44},"end":{"line":63,"column":62}},"type":"default-arg","locations":[{"start":{"line":63,"column":57},"end":{"line":63,"column":62}}],"line":63},"30":{"loc":{"start":{"line":66,"column":2},"end":{"line":67,"column":39}},"type":"if","locations":[{"start":{"line":66,"column":2},"end":{"line":67,"column":39}},{"start":{"line":67,"column":7},"end":{"line":67,"column":39}}],"line":66},"31":{"loc":{"start":{"line":73,"column":14},"end":{"line":73,"column":23}},"type":"default-arg","locations":[{"start":{"line":73,"column":21},"end":{"line":73,"column":23}}],"line":73},"32":{"loc":{"start":{"line":83,"column":34},"end":{"line":83,"column":46}},"type":"default-arg","locations":[{"start":{"line":83,"column":44},"end":{"line":83,"column":46}}],"line":83},"33":{"loc":{"start":{"line":87,"column":17},"end":{"line":87,"column":54}},"type":"default-arg","locations":[{"start":{"line":87,"column":29},"end":{"line":87,"column":54}}],"line":87},"34":{"loc":{"start":{"line":88,"column":4},"end":{"line":88,"column":14}},"type":"default-arg","locations":[{"start":{"line":88,"column":12},"end":{"line":88,"column":14}}],"line":88},"35":{"loc":{"start":{"line":89,"column":13},"end":{"line":89,"column":70}},"type":"default-arg","locations":[{"start":{"line":89,"column":68},"end":{"line":89,"column":70}}],"line":89},"36":{"loc":{"start":{"line":89,"column":14},"end":{"line":89,"column":64}},"type":"default-arg","locations":[{"start":{"line":89,"column":62},"end":{"line":89,"column":64}}],"line":89},"37":{"loc":{"start":{"line":89,"column":26},"end":{"line":89,"column":57}},"type":"default-arg","locations":[{"start":{"line":89,"column":55},"end":{"line":89,"column":57}}],"line":89},"38":{"loc":{"start":{"line":89,"column":27},"end":{"line":89,"column":51}},"type":"default-arg","locations":[{"start":{"line":89,"column":49},"end":{"line":89,"column":51}}],"line":89},"39":{"loc":{"start":{"line":89,"column":35},"end":{"line":89,"column":44}},"type":"default-arg","locations":[{"start":{"line":89,"column":42},"end":{"line":89,"column":44}}],"line":89},"40":{"loc":{"start":{"line":90,"column":14},"end":{"line":90,"column":69}},"type":"default-arg","locations":[{"start":{"line":90,"column":67},"end":{"line":90,"column":69}}],"line":90},"41":{"loc":{"start":{"line":90,"column":28},"end":{"line":90,"column":42}},"type":"default-arg","locations":[{"start":{"line":90,"column":40},"end":{"line":90,"column":42}}],"line":90},"42":{"loc":{"start":{"line":90,"column":44},"end":{"line":90,"column":62}},"type":"default-arg","locations":[{"start":{"line":90,"column":57},"end":{"line":90,"column":62}}],"line":90},"43":{"loc":{"start":{"line":93,"column":2},"end":{"line":94,"column":39}},"type":"if","locations":[{"start":{"line":93,"column":2},"end":{"line":94,"column":39}},{"start":{"line":94,"column":7},"end":{"line":94,"column":39}}],"line":93},"44":{"loc":{"start":{"line":106,"column":35},"end":{"line":106,"column":47}},"type":"default-arg","locations":[{"start":{"line":106,"column":45},"end":{"line":106,"column":47}}],"line":106},"45":{"loc":{"start":{"line":110,"column":4},"end":{"line":110,"column":14}},"type":"default-arg","locations":[{"start":{"line":110,"column":12},"end":{"line":110,"column":14}}],"line":110},"46":{"loc":{"start":{"line":111,"column":4},"end":{"line":111,"column":20}},"type":"default-arg","locations":[{"start":{"line":111,"column":18},"end":{"line":111,"column":20}}],"line":111},"47":{"loc":{"start":{"line":112,"column":15},"end":{"line":112,"column":28}},"type":"default-arg","locations":[{"start":{"line":112,"column":26},"end":{"line":112,"column":28}}],"line":112},"48":{"loc":{"start":{"line":113,"column":14},"end":{"line":113,"column":69}},"type":"default-arg","locations":[{"start":{"line":113,"column":67},"end":{"line":113,"column":69}}],"line":113},"49":{"loc":{"start":{"line":113,"column":28},"end":{"line":113,"column":42}},"type":"default-arg","locations":[{"start":{"line":113,"column":40},"end":{"line":113,"column":42}}],"line":113},"50":{"loc":{"start":{"line":113,"column":44},"end":{"line":113,"column":62}},"type":"default-arg","locations":[{"start":{"line":113,"column":57},"end":{"line":113,"column":62}}],"line":113},"51":{"loc":{"start":{"line":116,"column":2},"end":{"line":117,"column":39}},"type":"if","locations":[{"start":{"line":116,"column":2},"end":{"line":117,"column":39}},{"start":{"line":117,"column":7},"end":{"line":117,"column":39}}],"line":116},"52":{"loc":{"start":{"line":124,"column":14},"end":{"line":124,"column":24}},"type":"default-arg","locations":[{"start":{"line":124,"column":22},"end":{"line":124,"column":24}}],"line":124},"53":{"loc":{"start":{"line":124,"column":26},"end":{"line":124,"column":42}},"type":"default-arg","locations":[{"start":{"line":124,"column":40},"end":{"line":124,"column":42}}],"line":124},"54":{"loc":{"start":{"line":137,"column":36},"end":{"line":137,"column":48}},"type":"default-arg","locations":[{"start":{"line":137,"column":46},"end":{"line":137,"column":48}}],"line":137},"55":{"loc":{"start":{"line":141,"column":4},"end":{"line":141,"column":14}},"type":"default-arg","locations":[{"start":{"line":141,"column":12},"end":{"line":141,"column":14}}],"line":141},"56":{"loc":{"start":{"line":142,"column":4},"end":{"line":142,"column":20}},"type":"default-arg","locations":[{"start":{"line":142,"column":18},"end":{"line":142,"column":20}}],"line":142},"57":{"loc":{"start":{"line":143,"column":16},"end":{"line":143,"column":30}},"type":"default-arg","locations":[{"start":{"line":143,"column":28},"end":{"line":143,"column":30}}],"line":143},"58":{"loc":{"start":{"line":144,"column":14},"end":{"line":144,"column":69}},"type":"default-arg","locations":[{"start":{"line":144,"column":67},"end":{"line":144,"column":69}}],"line":144},"59":{"loc":{"start":{"line":144,"column":28},"end":{"line":144,"column":42}},"type":"default-arg","locations":[{"start":{"line":144,"column":40},"end":{"line":144,"column":42}}],"line":144},"60":{"loc":{"start":{"line":144,"column":44},"end":{"line":144,"column":62}},"type":"default-arg","locations":[{"start":{"line":144,"column":57},"end":{"line":144,"column":62}}],"line":144},"61":{"loc":{"start":{"line":147,"column":2},"end":{"line":148,"column":39}},"type":"if","locations":[{"start":{"line":147,"column":2},"end":{"line":148,"column":39}},{"start":{"line":148,"column":7},"end":{"line":148,"column":39}}],"line":147},"62":{"loc":{"start":{"line":156,"column":16},"end":{"line":165,"column":14}},"type":"default-arg","locations":[{"start":{"line":165,"column":12},"end":{"line":165,"column":14}}],"line":156},"63":{"loc":{"start":{"line":157,"column":16},"end":{"line":164,"column":16}},"type":"default-arg","locations":[{"start":{"line":164,"column":14},"end":{"line":164,"column":16}}],"line":157},"64":{"loc":{"start":{"line":158,"column":12},"end":{"line":163,"column":18}},"type":"default-arg","locations":[{"start":{"line":163,"column":16},"end":{"line":163,"column":18}}],"line":158},"65":{"loc":{"start":{"line":159,"column":26},"end":{"line":162,"column":20}},"type":"default-arg","locations":[{"start":{"line":162,"column":18},"end":{"line":162,"column":20}}],"line":159},"66":{"loc":{"start":{"line":160,"column":33},"end":{"line":160,"column":45}},"type":"default-arg","locations":[{"start":{"line":160,"column":43},"end":{"line":160,"column":45}}],"line":160},"67":{"loc":{"start":{"line":161,"column":21},"end":{"line":161,"column":32}},"type":"default-arg","locations":[{"start":{"line":161,"column":30},"end":{"line":161,"column":32}}],"line":161}},"s":{"0":1,"1":5,"2":9,"3":9,"4":2,"5":7,"6":1,"7":6,"8":1,"9":5,"10":4,"11":4,"12":2,"13":2,"14":1,"15":2,"16":1,"17":4,"18":4,"19":2,"20":2,"21":4,"22":1,"23":4,"24":4,"25":3,"26":1,"27":4,"28":7,"29":7,"30":1,"31":3,"32":3,"33":1,"34":2,"35":3,"36":1,"37":4,"38":4,"39":2,"40":2,"41":4,"42":7,"43":7,"44":1,"45":3,"46":3,"47":2,"48":1,"49":3,"50":4,"51":4},"f":{"0":5,"1":9,"2":4,"3":4,"4":7,"5":3,"6":4,"7":7,"8":3,"9":4},"b":{"0":[1],"1":[1],"2":[2,7],"3":[1,6],"4":[1,5],"5":[4,1],"6":[2],"7":[2],"8":[2,2],"9":[1,1],"10":[1],"11":[1],"12":[1],"13":[1],"14":[1],"15":[1],"16":[1],"17":[1],"18":[1],"19":[1],"20":[1],"21":[1],"22":[2,2],"23":[1],"24":[2],"25":[2],"26":[1],"27":[3],"28":[3],"29":[3],"30":[3,1],"31":[1],"32":[1],"33":[1],"34":[1],"35":[1],"36":[1],"37":[1],"38":[1],"39":[1],"40":[1],"41":[1],"42":[1],"43":[1,2],"44":[1],"45":[2],"46":[2],"47":[1],"48":[2],"49":[2],"50":[2],"51":[2,2],"52":[1],"53":[1],"54":[1],"55":[2],"56":[2],"57":[1],"58":[2],"59":[2],"60":[2],"61":[2,1],"62":[1],"63":[1],"64":[1],"65":[1],"66":[1],"67":[1]},"_coverageSchema":"1a1c01bbd47fc00a2c39e90264f33305004495a9","hash":"f563105b2bfe3fe79e27305397be67c38893c83a"}
,"/home/kaua/landing_page_project/src/components/Button/index.jsx": {"path":"/home/kaua/landing_page_project/src/components/Button/index.jsx","statementMap":{"0":{"start":{"line":4,"column":15},"end":{"line":10,"column":1}},"1":{"start":{"line":5,"column":2},"end":{"line":9,"column":4}},"2":{"start":{"line":12,"column":0},"end":{"line":16,"column":2}}},"fnMap":{"0":{"name":"(anonymous_0)","decl":{"start":{"line":4,"column":15},"end":{"line":4,"column":16}},"loc":{"start":{"line":4,"column":60},"end":{"line":10,"column":1}},"line":4}},"branchMap":{"0":{"loc":{"start":{"line":4,"column":28},"end":{"line":4,"column":42}},"type":"default-arg","locations":[{"start":{"line":4,"column":35},"end":{"line":4,"column":42}}],"line":4},"1":{"loc":{"start":{"line":4,"column":44},"end":{"line":4,"column":53}},"type":"default-arg","locations":[{"start":{"line":4,"column":50},"end":{"line":4,"column":53}}],"line":4}},"s":{"0":7,"1":21,"2":7},"f":{"0":21},"b":{"0":[3],"1":[4]},"_coverageSchema":"1a1c01bbd47fc00a2c39e90264f33305004495a9","hash":"6c8aef243366c2d4aab89c02375bcf38e61d916b"}
,"/home/kaua/landing_page_project/src/components/Button/styles.js": {"path":"/home/kaua/landing_page_project/src/components/Button/styles.js","statementMap":{"0":{"start":{"line":3,"column":20},"end":{"line":13,"column":1}},"1":{"start":{"line":4,"column":20},"end":{"line":7,"column":3}},"2":{"start":{"line":9,"column":18},"end":{"line":12,"column":3}},"3":{"start":{"line":15,"column":29},"end":{"line":17,"column":1}},"4":{"start":{"line":19,"column":22},"end":{"line":34,"column":1}},"5":{"start":{"line":20,"column":25},"end":{"line":29,"column":3}}},"fnMap":{"0":{"name":"(anonymous_0)","decl":{"start":{"line":4,"column":9},"end":{"line":4,"column":10}},"loc":{"start":{"line":4,"column":20},"end":{"line":7,"column":3}},"line":4},"1":{"name":"(anonymous_1)","decl":{"start":{"line":9,"column":7},"end":{"line":9,"column":8}},"loc":{"start":{"line":9,"column":18},"end":{"line":12,"column":3}},"line":9},"2":{"name":"(anonymous_2)","decl":{"start":{"line":20,"column":4},"end":{"line":20,"column":5}},"loc":{"start":{"line":20,"column":25},"end":{"line":29,"column":3}},"line":20}},"branchMap":{},"s":{"0":7,"1":14,"2":7,"3":7,"4":7,"5":21},"f":{"0":14,"1":7,"2":21},"b":{},"_coverageSchema":"1a1c01bbd47fc00a2c39e90264f33305004495a9","hash":"120f3333d261a343303493de15d95f228b0460c1"}
,"/home/kaua/landing_page_project/src/components/Footer/index.jsx": {"path":"/home/kaua/landing_page_project/src/components/Footer/index.jsx","statementMap":{"0":{"start":{"line":4,"column":15},"end":{"line":6,"column":1}},"1":{"start":{"line":5,"column":2},"end":{"line":5,"column":79}},"2":{"start":{"line":8,"column":0},"end":{"line":10,"column":2}}},"fnMap":{"0":{"name":"(anonymous_0)","decl":{"start":{"line":4,"column":15},"end":{"line":4,"column":16}},"loc":{"start":{"line":4,"column":35},"end":{"line":6,"column":1}},"line":4}},"branchMap":{},"s":{"0":2,"1":2,"2":2},"f":{"0":2},"b":{},"_coverageSchema":"1a1c01bbd47fc00a2c39e90264f33305004495a9","hash":"470f7f8e4f5573560efab2e70fcfca79dde61477"}
,"/home/kaua/landing_page_project/src/components/Footer/styles.js": {"path":"/home/kaua/landing_page_project/src/components/Footer/styles.js","statementMap":{"0":{"start":{"line":4,"column":25},"end":{"line":23,"column":1}},"1":{"start":{"line":5,"column":19},"end":{"line":22,"column":3}}},"fnMap":{"0":{"name":"(anonymous_0)","decl":{"start":{"line":5,"column":4},"end":{"line":5,"column":5}},"loc":{"start":{"line":5,"column":19},"end":{"line":22,"column":3}},"line":5}},"branchMap":{},"s":{"0":2,"1":2},"f":{"0":2},"b":{},"_coverageSchema":"1a1c01bbd47fc00a2c39e90264f33305004495a9","hash":"a8340184b36f23830507ab3f7e654dc91579369e"}
,"/home/kaua/landing_page_project/src/components/GoTop/index.jsx": {"path":"/home/kaua/landing_page_project/src/components/GoTop/index.jsx","statementMap":{"0":{"start":{"line":4,"column":14},"end":{"line":10,"column":1}},"1":{"start":{"line":5,"column":2},"end":{"line":9,"column":4}}},"fnMap":{"0":{"name":"(anonymous_0)","decl":{"start":{"line":4,"column":14},"end":{"line":4,"column":15}},"loc":{"start":{"line":4,"column":20},"end":{"line":10,"column":1}},"line":4}},"branchMap":{},"s":{"0":2,"1":2},"f":{"0":2},"b":{},"_coverageSchema":"1a1c01bbd47fc00a2c39e90264f33305004495a9","hash":"c0660a0a437b3a925605d136c24122d9442d02ee"}
,"/home/kaua/landing_page_project/src/components/GoTop/styles.js": {"path":"/home/kaua/landing_page_project/src/components/GoTop/styles.js","statementMap":{"0":{"start":{"line":3,"column":22},"end":{"line":23,"column":1}},"1":{"start":{"line":4,"column":19},"end":{"line":22,"column":3}}},"fnMap":{"0":{"name":"(anonymous_0)","decl":{"start":{"line":4,"column":4},"end":{"line":4,"column":5}},"loc":{"start":{"line":4,"column":19},"end":{"line":22,"column":3}},"line":4}},"branchMap":{},"s":{"0":2,"1":2},"f":{"0":2},"b":{},"_coverageSchema":"1a1c01bbd47fc00a2c39e90264f33305004495a9","hash":"fc4f8620b56c5c6d7dbc8517ea22f815f9d9fd48"}
,"/home/kaua/landing_page_project/src/components/GridImage/index.jsx": {"path":"/home/kaua/landing_page_project/src/components/GridImage/index.jsx","statementMap":{"0":{"start":{"line":8,"column":18},"end":{"line":37,"column":1}},"1":{"start":{"line":15,"column":2},"end":{"line":36,"column":4}},"2":{"start":{"line":24,"column":12},"end":{"line":26,"column":33}},"3":{"start":{"line":39,"column":0},"end":{"line":50,"column":2}}},"fnMap":{"0":{"name":"(anonymous_0)","decl":{"start":{"line":8,"column":18},"end":{"line":8,"column":19}},"loc":{"start":{"line":14,"column":6},"end":{"line":37,"column":1}},"line":14},"1":{"name":"(anonymous_1)","decl":{"start":{"line":23,"column":20},"end":{"line":23,"column":21}},"loc":{"start":{"line":24,"column":12},"end":{"line":26,"column":33}},"line":24}},"branchMap":{"0":{"loc":{"start":{"line":11,"column":2},"end":{"line":11,"column":11}},"type":"default-arg","locations":[{"start":{"line":11,"column":9},"end":{"line":11,"column":11}}],"line":11},"1":{"loc":{"start":{"line":12,"column":2},"end":{"line":12,"column":20}},"type":"default-arg","locations":[{"start":{"line":12,"column":15},"end":{"line":12,"column":20}}],"line":12},"2":{"loc":{"start":{"line":29,"column":9},"end":{"line":33,"column":9}},"type":"binary-expr","locations":[{"start":{"line":29,"column":9},"end":{"line":29,"column":15}},{"start":{"line":30,"column":10},"end":{"line":32,"column":19}}],"line":29}},"s":{"0":1,"1":3,"2":12,"3":1},"f":{"0":3,"1":12},"b":{"0":[1],"1":[1],"2":[3,2]},"_coverageSchema":"1a1c01bbd47fc00a2c39e90264f33305004495a9","hash":"9b4047ab2f37c312cce63df183243f31b2839976"}
,"/home/kaua/landing_page_project/src/components/GridImage/styles.js": {"path":"/home/kaua/landing_page_project/src/components/GridImage/styles.js","statementMap":{"0":{"start":{"line":5,"column":27},"end":{"line":21,"column":1}},"1":{"start":{"line":6,"column":19},"end":{"line":20,"column":3}},"2":{"start":{"line":23,"column":30},"end":{"line":29,"column":1}},"3":{"start":{"line":24,"column":19},"end":{"line":28,"column":3}},"4":{"start":{"line":31,"column":29},"end":{"line":43,"column":1}},"5":{"start":{"line":32,"column":19},"end":{"line":42,"column":1}},"6":{"start":{"line":45,"column":25},"end":{"line":59,"column":1}},"7":{"start":{"line":46,"column":31},"end":{"line":58,"column":3}}},"fnMap":{"0":{"name":"(anonymous_0)","decl":{"start":{"line":6,"column":4},"end":{"line":6,"column":5}},"loc":{"start":{"line":6,"column":19},"end":{"line":20,"column":3}},"line":6},"1":{"name":"(anonymous_1)","decl":{"start":{"line":24,"column":4},"end":{"line":24,"column":5}},"loc":{"start":{"line":24,"column":19},"end":{"line":28,"column":3}},"line":24},"2":{"name":"(anonymous_2)","decl":{"start":{"line":32,"column":4},"end":{"line":32,"column":5}},"loc":{"start":{"line":32,"column":19},"end":{"line":42,"column":1}},"line":32},"3":{"name":"(anonymous_3)","decl":{"start":{"line":46,"column":4},"end":{"line":46,"column":5}},"loc":{"start":{"line":46,"column":31},"end":{"line":58,"column":3}},"line":46}},"branchMap":{"0":{"loc":{"start":{"line":50,"column":8},"end":{"line":50,"column":73}},"type":"cond-expr","locations":[{"start":{"line":50,"column":27},"end":{"line":50,"column":45}},{"start":{"line":50,"column":48},"end":{"line":50,"column":73}}],"line":50}},"s":{"0":1,"1":12,"2":1,"3":3,"4":1,"5":3,"6":1,"7":3},"f":{"0":12,"1":3,"2":3,"3":3},"b":{"0":[1,2]},"_coverageSchema":"1a1c01bbd47fc00a2c39e90264f33305004495a9","hash":"dcef7a49619a70a649e01fd0ee4a63ed87c9d8e6"}
,"/home/kaua/landing_page_project/src/components/GridText/index.jsx": {"path":"/home/kaua/landing_page_project/src/components/GridText/index.jsx","statementMap":{"0":{"start":{"line":8,"column":17},"end":{"line":38,"column":1}},"1":{"start":{"line":15,"column":2},"end":{"line":37,"column":4}},"2":{"start":{"line":24,"column":12},"end":{"line":27,"column":33}},"3":{"start":{"line":40,"column":0},"end":{"line":51,"column":2}}},"fnMap":{"0":{"name":"(anonymous_0)","decl":{"start":{"line":8,"column":17},"end":{"line":8,"column":18}},"loc":{"start":{"line":14,"column":6},"end":{"line":38,"column":1}},"line":14},"1":{"name":"(anonymous_1)","decl":{"start":{"line":23,"column":20},"end":{"line":23,"column":21}},"loc":{"start":{"line":24,"column":12},"end":{"line":27,"column":33}},"line":24}},"branchMap":{"0":{"loc":{"start":{"line":11,"column":2},"end":{"line":11,"column":11}},"type":"default-arg","locations":[{"start":{"line":11,"column":9},"end":{"line":11,"column":11}}],"line":11},"1":{"loc":{"start":{"line":12,"column":2},"end":{"line":12,"column":20}},"type":"default-arg","locations":[{"start":{"line":12,"column":15},"end":{"line":12,"column":20}}],"line":12},"2":{"loc":{"start":{"line":30,"column":9},"end":{"line":34,"column":9}},"type":"binary-expr","locations":[{"start":{"line":30,"column":9},"end":{"line":30,"column":15}},{"start":{"line":31,"column":10},"end":{"line":33,"column":19}}],"line":30}},"s":{"0":2,"1":9,"2":24,"3":2},"f":{"0":9,"1":24},"b":{"0":[1],"1":[1],"2":[9,8]},"_coverageSchema":"1a1c01bbd47fc00a2c39e90264f33305004495a9","hash":"ac45aa8d59529579cafa3865d9d5d81c2274a546"}
,"/home/kaua/landing_page_project/src/components/GridText/styles.js": {"path":"/home/kaua/landing_page_project/src/components/GridText/styles.js","statementMap":{"0":{"start":{"line":5,"column":27},"end":{"line":11,"column":1}},"1":{"start":{"line":6,"column":19},"end":{"line":10,"column":3}},"2":{"start":{"line":13,"column":30},"end":{"line":19,"column":1}},"3":{"start":{"line":14,"column":19},"end":{"line":18,"column":3}},"4":{"start":{"line":21,"column":29},"end":{"line":33,"column":1}},"5":{"start":{"line":22,"column":19},"end":{"line":32,"column":1}},"6":{"start":{"line":35,"column":25},"end":{"line":48,"column":1}},"7":{"start":{"line":36,"column":31},"end":{"line":47,"column":3}}},"fnMap":{"0":{"name":"(anonymous_0)","decl":{"start":{"line":6,"column":4},"end":{"line":6,"column":5}},"loc":{"start":{"line":6,"column":19},"end":{"line":10,"column":3}},"line":6},"1":{"name":"(anonymous_1)","decl":{"start":{"line":14,"column":4},"end":{"line":14,"column":5}},"loc":{"start":{"line":14,"column":19},"end":{"line":18,"column":3}},"line":14},"2":{"name":"(anonymous_2)","decl":{"start":{"line":22,"column":4},"end":{"line":22,"column":5}},"loc":{"start":{"line":22,"column":19},"end":{"line":32,"column":1}},"line":22},"3":{"name":"(anonymous_3)","decl":{"start":{"line":36,"column":4},"end":{"line":36,"column":5}},"loc":{"start":{"line":36,"column":31},"end":{"line":47,"column":3}},"line":36}},"branchMap":{"0":{"loc":{"start":{"line":40,"column":8},"end":{"line":40,"column":73}},"type":"cond-expr","locations":[{"start":{"line":40,"column":27},"end":{"line":40,"column":45}},{"start":{"line":40,"column":48},"end":{"line":40,"column":73}}],"line":40}},"s":{"0":2,"1":24,"2":2,"3":9,"4":2,"5":9,"6":2,"7":9},"f":{"0":24,"1":9,"2":9,"3":9},"b":{"0":[3,6]},"_coverageSchema":"1a1c01bbd47fc00a2c39e90264f33305004495a9","hash":"9a07ad710453b9862a7c4f7b49be8c2bb0465da4"}
,"/home/kaua/landing_page_project/src/components/Heading/index.jsx": {"path":"/home/kaua/landing_page_project/src/components/Heading/index.jsx","statementMap":{"0":{"start":{"line":4,"column":16},"end":{"line":16,"column":1}},"1":{"start":{"line":11,"column":2},"end":{"line":15,"column":4}},"2":{"start":{"line":18,"column":0},"end":{"line":24,"column":2}}},"fnMap":{"0":{"name":"(anonymous_0)","decl":{"start":{"line":4,"column":16},"end":{"line":4,"column":17}},"loc":{"start":{"line":10,"column":6},"end":{"line":16,"column":1}},"line":10}},"branchMap":{"0":{"loc":{"start":{"line":6,"column":2},"end":{"line":6,"column":15}},"type":"default-arg","locations":[{"start":{"line":6,"column":11},"end":{"line":6,"column":15}}],"line":6},"1":{"loc":{"start":{"line":7,"column":2},"end":{"line":7,"column":11}},"type":"default-arg","locations":[{"start":{"line":7,"column":7},"end":{"line":7,"column":11}}],"line":7},"2":{"loc":{"start":{"line":8,"column":2},"end":{"line":8,"column":19}},"type":"default-arg","locations":[{"start":{"line":8,"column":14},"end":{"line":8,"column":19}}],"line":8},"3":{"loc":{"start":{"line":9,"column":2},"end":{"line":9,"column":17}},"type":"default-arg","locations":[{"start":{"line":9,"column":9},"end":{"line":9,"column":17}}],"line":9}},"s":{"0":9,"1":63,"2":9},"f":{"0":63},"b":{"0":[58],"1":[61],"2":[36],"3":[35]},"_coverageSchema":"1a1c01bbd47fc00a2c39e90264f33305004495a9","hash":"f24f9baa4ffe4b6f846e51464aec9dcf92477041"}
,"/home/kaua/landing_page_project/src/components/Heading/styles.js": {"path":"/home/kaua/landing_page_project/src/components/Heading/styles.js","statementMap":{"0":{"start":{"line":3,"column":19},"end":{"line":20,"column":1}},"1":{"start":{"line":4,"column":20},"end":{"line":6,"column":3}},"2":{"start":{"line":8,"column":21},"end":{"line":10,"column":3}},"3":{"start":{"line":12,"column":18},"end":{"line":14,"column":3}},"4":{"start":{"line":16,"column":19},"end":{"line":19,"column":3}},"5":{"start":{"line":22,"column":18},"end":{"line":26,"column":1}},"6":{"start":{"line":22,"column":29},"end":{"line":26,"column":1}},"7":{"start":{"line":28,"column":21},"end":{"line":34,"column":1}},"8":{"start":{"line":29,"column":44},"end":{"line":33,"column":3}}},"fnMap":{"0":{"name":"(anonymous_0)","decl":{"start":{"line":4,"column":9},"end":{"line":4,"column":10}},"loc":{"start":{"line":4,"column":20},"end":{"line":6,"column":3}},"line":4},"1":{"name":"(anonymous_1)","decl":{"start":{"line":8,"column":10},"end":{"line":8,"column":11}},"loc":{"start":{"line":8,"column":21},"end":{"line":10,"column":3}},"line":8},"2":{"name":"(anonymous_2)","decl":{"start":{"line":12,"column":7},"end":{"line":12,"column":8}},"loc":{"start":{"line":12,"column":18},"end":{"line":14,"column":3}},"line":12},"3":{"name":"(anonymous_3)","decl":{"start":{"line":16,"column":8},"end":{"line":16,"column":9}},"loc":{"start":{"line":16,"column":19},"end":{"line":19,"column":3}},"line":16},"4":{"name":"(anonymous_4)","decl":{"start":{"line":22,"column":18},"end":{"line":22,"column":19}},"loc":{"start":{"line":22,"column":29},"end":{"line":26,"column":1}},"line":22},"5":{"name":"(anonymous_5)","decl":{"start":{"line":29,"column":4},"end":{"line":29,"column":5}},"loc":{"start":{"line":29,"column":44},"end":{"line":33,"column":3}},"line":29}},"branchMap":{"0":{"loc":{"start":{"line":30,"column":13},"end":{"line":30,"column":74}},"type":"cond-expr","locations":[{"start":{"line":30,"column":28},"end":{"line":30,"column":53}},{"start":{"line":30,"column":56},"end":{"line":30,"column":74}}],"line":30},"1":{"loc":{"start":{"line":31,"column":22},"end":{"line":31,"column":60}},"type":"cond-expr","locations":[{"start":{"line":31,"column":40},"end":{"line":31,"column":51}},{"start":{"line":31,"column":54},"end":{"line":31,"column":60}}],"line":31}},"s":{"0":9,"1":25,"2":35,"3":1,"4":2,"5":9,"6":2,"7":9,"8":63},"f":{"0":25,"1":35,"2":1,"3":2,"4":2,"5":63},"b":{"0":[62,1],"1":[27,36]},"_coverageSchema":"1a1c01bbd47fc00a2c39e90264f33305004495a9","hash":"b0bbdf0c5325e1f32431379aca04de7ca5676236"}
,"/home/kaua/landing_page_project/src/components/LogoLink/index.jsx": {"path":"/home/kaua/landing_page_project/src/components/LogoLink/index.jsx","statementMap":{"0":{"start":{"line":5,"column":17},"end":{"line":13,"column":1}},"1":{"start":{"line":6,"column":2},"end":{"line":12,"column":4}},"2":{"start":{"line":15,"column":0},"end":{"line":19,"column":2}}},"fnMap":{"0":{"name":"(anonymous_0)","decl":{"start":{"line":5,"column":17},"end":{"line":5,"column":18}},"loc":{"start":{"line":5,"column":45},"end":{"line":13,"column":1}},"line":5}},"branchMap":{"0":{"loc":{"start":{"line":9,"column":9},"end":{"line":9,"column":71}},"type":"cond-expr","locations":[{"start":{"line":9,"column":18},"end":{"line":9,"column":49}},{"start":{"line":9,"column":52},"end":{"line":9,"column":71}}],"line":9}},"s":{"0":3,"1":10,"2":3},"f":{"0":10},"b":{"0":[2,8]},"_coverageSchema":"1a1c01bbd47fc00a2c39e90264f33305004495a9","hash":"dc6f64d2ea01423441009495537dd16ca9ce9d80"}
,"/home/kaua/landing_page_project/src/components/LogoLink/styles.js": {"path":"/home/kaua/landing_page_project/src/components/LogoLink/styles.js","statementMap":{"0":{"start":{"line":3,"column":25},"end":{"line":15,"column":1}},"1":{"start":{"line":4,"column":19},"end":{"line":14,"column":3}}},"fnMap":{"0":{"name":"(anonymous_0)","decl":{"start":{"line":4,"column":4},"end":{"line":4,"column":5}},"loc":{"start":{"line":4,"column":19},"end":{"line":14,"column":3}},"line":4}},"branchMap":{},"s":{"0":3,"1":10},"f":{"0":10},"b":{},"_coverageSchema":"1a1c01bbd47fc00a2c39e90264f33305004495a9","hash":"8dc79b0c0b5a9efe910953f6ba231eded74d54d5"}
,"/home/kaua/landing_page_project/src/components/Menu/index.jsx": {"path":"/home/kaua/landing_page_project/src/components/Menu/index.jsx","statementMap":{"0":{"start":{"line":10,"column":13},"end":{"line":55,"column":1}},"1":{"start":{"line":11,"column":40},"end":{"line":11,"column":55}},"2":{"start":{"line":12,"column":32},"end":{"line":12,"column":43}},"3":{"start":{"line":15,"column":4},"end":{"line":23,"column":5}},"4":{"start":{"line":16,"column":6},"end":{"line":20,"column":9}},"5":{"start":{"line":22,"column":6},"end":{"line":22,"column":33}},"6":{"start":{"line":25,"column":4},"end":{"line":25,"column":33}},"7":{"start":{"line":28,"column":2},"end":{"line":54,"column":4}},"8":{"start":{"line":57,"column":0},"end":{"line":60,"column":2}}},"fnMap":{"0":{"name":"(anonymous_0)","decl":{"start":{"line":10,"column":13},"end":{"line":10,"column":14}},"loc":{"start":{"line":10,"column":43},"end":{"line":55,"column":1}},"line":10},"1":{"name":"onSetMenuVisible","decl":{"start":{"line":14,"column":11},"end":{"line":14,"column":27}},"loc":{"start":{"line":14,"column":30},"end":{"line":26,"column":3}},"line":14}},"branchMap":{"0":{"loc":{"start":{"line":10,"column":16},"end":{"line":10,"column":26}},"type":"default-arg","locations":[{"start":{"line":10,"column":24},"end":{"line":10,"column":26}}],"line":10},"1":{"loc":{"start":{"line":15,"column":4},"end":{"line":23,"column":5}},"type":"if","locations":[{"start":{"line":15,"column":4},"end":{"line":23,"column":5}},{"start":{"line":21,"column":11},"end":{"line":23,"column":5}}],"line":15},"2":{"loc":{"start":{"line":31,"column":9},"end":{"line":43,"column":9}},"type":"cond-expr","locations":[{"start":{"line":32,"column":10},"end":{"line":36,"column":12}},{"start":{"line":38,"column":10},"end":{"line":42,"column":12}}],"line":31}},"s":{"0":2,"1":6,"2":6,"3":2,"4":1,"5":1,"6":2,"7":6,"8":2},"f":{"0":6,"1":2},"b":{"0":[1],"1":[1,1],"2":[1,5]},"_coverageSchema":"1a1c01bbd47fc00a2c39e90264f33305004495a9","hash":"0dc9ea05a0ff3265035c7022091f42c6dd7852b6"}
,"/home/kaua/landing_page_project/src/components/Menu/styles.js": {"path":"/home/kaua/landing_page_project/src/components/Menu/styles.js","statementMap":{"0":{"start":{"line":5,"column":22},"end":{"line":8,"column":1}},"1":{"start":{"line":5,"column":28},"end":{"line":8,"column":1}},"2":{"start":{"line":10,"column":25},"end":{"line":45,"column":1}},"3":{"start":{"line":11,"column":28},"end":{"line":44,"column":3}},"4":{"start":{"line":47,"column":22},"end":{"line":62,"column":1}},"5":{"start":{"line":48,"column":19},"end":{"line":61,"column":3}},"6":{"start":{"line":64,"column":29},"end":{"line":92,"column":1}},"7":{"start":{"line":65,"column":19},"end":{"line":91,"column":3}}},"fnMap":{"0":{"name":"(anonymous_0)","decl":{"start":{"line":5,"column":22},"end":{"line":5,"column":23}},"loc":{"start":{"line":5,"column":28},"end":{"line":8,"column":1}},"line":5},"1":{"name":"(anonymous_1)","decl":{"start":{"line":11,"column":4},"end":{"line":11,"column":5}},"loc":{"start":{"line":11,"column":28},"end":{"line":44,"column":3}},"line":11},"2":{"name":"(anonymous_2)","decl":{"start":{"line":48,"column":4},"end":{"line":48,"column":5}},"loc":{"start":{"line":48,"column":19},"end":{"line":61,"column":3}},"line":48},"3":{"name":"(anonymous_3)","decl":{"start":{"line":65,"column":4},"end":{"line":65,"column":5}},"loc":{"start":{"line":65,"column":19},"end":{"line":91,"column":3}},"line":65}},"branchMap":{"0":{"loc":{"start":{"line":37,"column":8},"end":{"line":37,"column":40}},"type":"binary-expr","locations":[{"start":{"line":37,"column":8},"end":{"line":37,"column":21}},{"start":{"line":37,"column":25},"end":{"line":37,"column":40}}],"line":37}},"s":{"0":2,"1":1,"2":2,"3":6,"4":2,"5":6,"6":2,"7":6},"f":{"0":1,"1":6,"2":6,"3":6},"b":{"0":[6,1]},"_coverageSchema":"1a1c01bbd47fc00a2c39e90264f33305004495a9","hash":"9c3009d9634e8652cfb7132db1ff8bfa8d366ee0"}
,"/home/kaua/landing_page_project/src/components/MenuLink/index.jsx": {"path":"/home/kaua/landing_page_project/src/components/MenuLink/index.jsx","statementMap":{"0":{"start":{"line":4,"column":17},"end":{"line":10,"column":1}},"1":{"start":{"line":5,"column":2},"end":{"line":9,"column":4}},"2":{"start":{"line":12,"column":0},"end":{"line":16,"column":2}}},"fnMap":{"0":{"name":"(anonymous_0)","decl":{"start":{"line":4,"column":17},"end":{"line":4,"column":18}},"loc":{"start":{"line":4,"column":65},"end":{"line":10,"column":1}},"line":4}},"branchMap":{"0":{"loc":{"start":{"line":4,"column":36},"end":{"line":4,"column":58}},"type":"default-arg","locations":[{"start":{"line":4,"column":54},"end":{"line":4,"column":58}}],"line":4},"1":{"loc":{"start":{"line":6,"column":37},"end":{"line":6,"column":73}},"type":"cond-expr","locations":[{"start":{"line":6,"column":55},"end":{"line":6,"column":62}},{"start":{"line":6,"column":65},"end":{"line":6,"column":73}}],"line":6}},"s":{"0":4,"1":72,"2":4},"f":{"0":72},"b":{"0":[71],"1":[71,1]},"_coverageSchema":"1a1c01bbd47fc00a2c39e90264f33305004495a9","hash":"cb2b6c4601f2739eabed1ad9d6f340fe0f456e21"}
,"/home/kaua/landing_page_project/src/components/MenuLink/styles.js": {"path":"/home/kaua/landing_page_project/src/components/MenuLink/styles.js","statementMap":{"0":{"start":{"line":3,"column":20},"end":{"line":28,"column":1}},"1":{"start":{"line":4,"column":19},"end":{"line":27,"column":3}}},"fnMap":{"0":{"name":"(anonymous_0)","decl":{"start":{"line":4,"column":4},"end":{"line":4,"column":5}},"loc":{"start":{"line":4,"column":19},"end":{"line":27,"column":3}},"line":4}},"branchMap":{},"s":{"0":4,"1":72},"f":{"0":72},"b":{},"_coverageSchema":"1a1c01bbd47fc00a2c39e90264f33305004495a9","hash":"b67da04662d57f3dfc5c9a17716721039d730ee2"}
,"/home/kaua/landing_page_project/src/components/NavLink/index.jsx": {"path":"/home/kaua/landing_page_project/src/components/NavLink/index.jsx","statementMap":{"0":{"start":{"line":5,"column":16},"end":{"line":13,"column":1}},"1":{"start":{"line":6,"column":2},"end":{"line":12,"column":4}},"2":{"start":{"line":9,"column":8},"end":{"line":9,"column":50}},"3":{"start":{"line":15,"column":0},"end":{"line":23,"column":2}}},"fnMap":{"0":{"name":"(anonymous_0)","decl":{"start":{"line":5,"column":16},"end":{"line":5,"column":17}},"loc":{"start":{"line":5,"column":36},"end":{"line":13,"column":1}},"line":5},"1":{"name":"(anonymous_1)","decl":{"start":{"line":8,"column":17},"end":{"line":8,"column":18}},"loc":{"start":{"line":9,"column":8},"end":{"line":9,"column":50}},"line":9}},"branchMap":{"0":{"loc":{"start":{"line":5,"column":19},"end":{"line":5,"column":29}},"type":"default-arg","locations":[{"start":{"line":5,"column":27},"end":{"line":5,"column":29}}],"line":5}},"s":{"0":3,"1":9,"2":70,"3":3},"f":{"0":9,"1":70},"b":{"0":[1]},"_coverageSchema":"1a1c01bbd47fc00a2c39e90264f33305004495a9","hash":"527a7860ebb0cf406320d9cb3b18569189254f9c"}
,"/home/kaua/landing_page_project/src/components/NavLink/styles.js": {"path":"/home/kaua/landing_page_project/src/components/NavLink/styles.js","statementMap":{"0":{"start":{"line":3,"column":25},"end":{"line":15,"column":1}},"1":{"start":{"line":4,"column":19},"end":{"line":14,"column":3}}},"fnMap":{"0":{"name":"(anonymous_0)","decl":{"start":{"line":4,"column":4},"end":{"line":4,"column":5}},"loc":{"start":{"line":4,"column":19},"end":{"line":14,"column":3}},"line":4}},"branchMap":{},"s":{"0":3,"1":9},"f":{"0":9},"b":{},"_coverageSchema":"1a1c01bbd47fc00a2c39e90264f33305004495a9","hash":"fb762b49aa5985cfcdbac13cd7295c0e53a83d68"}
,"/home/kaua/landing_page_project/src/components/SectionBackground/index.jsx": {"path":"/home/kaua/landing_page_project/src/components/SectionBackground/index.jsx","statementMap":{"0":{"start":{"line":5,"column":26},"end":{"line":11,"column":1}},"1":{"start":{"line":6,"column":2},"end":{"line":10,"column":4}},"2":{"start":{"line":13,"column":0},"end":{"line":16,"column":2}}},"fnMap":{"0":{"name":"(anonymous_0)","decl":{"start":{"line":5,"column":26},"end":{"line":5,"column":27}},"loc":{"start":{"line":5,"column":64},"end":{"line":11,"column":1}},"line":5}},"branchMap":{"0":{"loc":{"start":{"line":5,"column":39},"end":{"line":5,"column":57}},"type":"default-arg","locations":[{"start":{"line":5,"column":52},"end":{"line":5,"column":57}}],"line":5}},"s":{"0":7,"1":22,"2":7},"f":{"0":22},"b":{"0":[5]},"_coverageSchema":"1a1c01bbd47fc00a2c39e90264f33305004495a9","hash":"e85a22aaf4e85859140c7056bd2bdc0edf98d21e"}
,"/home/kaua/landing_page_project/src/components/SectionBackground/styles.js": {"path":"/home/kaua/landing_page_project/src/components/SectionBackground/styles.js","statementMap":{"0":{"start":{"line":3,"column":25},"end":{"line":13,"column":1}},"1":{"start":{"line":4,"column":31},"end":{"line":12,"column":3}}},"fnMap":{"0":{"name":"(anonymous_0)","decl":{"start":{"line":4,"column":4},"end":{"line":4,"column":5}},"loc":{"start":{"line":4,"column":31},"end":{"line":12,"column":3}},"line":4}},"branchMap":{"0":{"loc":{"start":{"line":6,"column":6},"end":{"line":6,"column":71}},"type":"cond-expr","locations":[{"start":{"line":6,"column":25},"end":{"line":6,"column":50}},{"start":{"line":6,"column":53},"end":{"line":6,"column":71}}],"line":6},"1":{"loc":{"start":{"line":8,"column":13},"end":{"line":8,"column":78}},"type":"cond-expr","locations":[{"start":{"line":8,"column":32},"end":{"line":8,"column":50}},{"start":{"line":8,"column":53},"end":{"line":8,"column":78}}],"line":8}},"s":{"0":7,"1":22},"f":{"0":22},"b":{"0":[7,15],"1":[7,15]},"_coverageSchema":"1a1c01bbd47fc00a2c39e90264f33305004495a9","hash":"9003a20ae869a21c74e5b49a7f711f271d5555e0"}
,"/home/kaua/landing_page_project/src/components/SectionBox/index.jsx": {"path":"/home/kaua/landing_page_project/src/components/SectionBox/index.jsx","statementMap":{"0":{"start":{"line":8,"column":19},"end":{"line":24,"column":1}},"1":{"start":{"line":9,"column":2},"end":{"line":23,"column":4}},"2":{"start":{"line":14,"column":10},"end":{"line":14,"column":69}},"3":{"start":{"line":26,"column":0},"end":{"line":40,"column":2}}},"fnMap":{"0":{"name":"(anonymous_0)","decl":{"start":{"line":8,"column":19},"end":{"line":8,"column":20}},"loc":{"start":{"line":8,"column":78},"end":{"line":24,"column":1}},"line":8},"1":{"name":"(anonymous_1)","decl":{"start":{"line":13,"column":24},"end":{"line":13,"column":25}},"loc":{"start":{"line":14,"column":10},"end":{"line":14,"column":69}},"line":14}},"branchMap":{"0":{"loc":{"start":{"line":8,"column":41},"end":{"line":8,"column":56}},"type":"default-arg","locations":[{"start":{"line":8,"column":54},"end":{"line":8,"column":56}}],"line":8},"1":{"loc":{"start":{"line":8,"column":58},"end":{"line":8,"column":71}},"type":"default-arg","locations":[{"start":{"line":8,"column":67},"end":{"line":8,"column":71}}],"line":8},"2":{"loc":{"start":{"line":16,"column":9},"end":{"line":20,"column":9}},"type":"binary-expr","locations":[{"start":{"line":16,"column":9},"end":{"line":16,"column":15}},{"start":{"line":17,"column":10},"end":{"line":19,"column":19}}],"line":16}},"s":{"0":1,"1":4,"2":9,"3":1},"f":{"0":4,"1":9},"b":{"0":[1],"1":[1],"2":[4,3]},"_coverageSchema":"1a1c01bbd47fc00a2c39e90264f33305004495a9","hash":"b2dea573e6f6139c00a7c8b88fc588a14867ef18"}
,"/home/kaua/landing_page_project/src/components/SectionBox/styles.js": {"path":"/home/kaua/landing_page_project/src/components/SectionBox/styles.js","statementMap":{"0":{"start":{"line":6,"column":25},"end":{"line":28,"column":1}},"1":{"start":{"line":7,"column":19},"end":{"line":27,"column":3}}},"fnMap":{"0":{"name":"(anonymous_0)","decl":{"start":{"line":7,"column":4},"end":{"line":7,"column":5}},"loc":{"start":{"line":7,"column":19},"end":{"line":27,"column":3}},"line":7}},"branchMap":{},"s":{"0":1,"1":4},"f":{"0":4},"b":{},"_coverageSchema":"1a1c01bbd47fc00a2c39e90264f33305004495a9","hash":"9ef741ab6b6882012df798159cb966cbff9f69d4"}
,"/home/kaua/landing_page_project/src/components/SectionContainer/index.jsx": {"path":"/home/kaua/landing_page_project/src/components/SectionContainer/index.jsx","statementMap":{"0":{"start":{"line":4,"column":25},"end":{"line":6,"column":1}},"1":{"start":{"line":5,"column":2},"end":{"line":5,"column":57}},"2":{"start":{"line":8,"column":0},"end":{"line":10,"column":2}}},"fnMap":{"0":{"name":"(anonymous_0)","decl":{"start":{"line":4,"column":25},"end":{"line":4,"column":26}},"loc":{"start":{"line":4,"column":43},"end":{"line":6,"column":1}},"line":4}},"branchMap":{},"s":{"0":9,"1":29,"2":9},"f":{"0":29},"b":{},"_coverageSchema":"1a1c01bbd47fc00a2c39e90264f33305004495a9","hash":"e08b91d6659a348a6ab63a1c5cb7b6df492e1509"}
,"/home/kaua/landing_page_project/src/components/SectionContainer/styles.js": {"path":"/home/kaua/landing_page_project/src/components/SectionContainer/styles.js","statementMap":{"0":{"start":{"line":3,"column":25},"end":{"line":10,"column":1}},"1":{"start":{"line":4,"column":19},"end":{"line":9,"column":3}}},"fnMap":{"0":{"name":"(anonymous_0)","decl":{"start":{"line":4,"column":4},"end":{"line":4,"column":5}},"loc":{"start":{"line":4,"column":19},"end":{"line":9,"column":3}},"line":4}},"branchMap":{},"s":{"0":10,"1":29},"f":{"0":29},"b":{},"_coverageSchema":"1a1c01bbd47fc00a2c39e90264f33305004495a9","hash":"f2d90c6d5890a5d88185518f04fb547dce6d3c92"}
,"/home/kaua/landing_page_project/src/components/SectionContent/index.jsx": {"path":"/home/kaua/landing_page_project/src/components/SectionContent/index.jsx","statementMap":{"0":{"start":{"line":7,"column":23},"end":{"line":23,"column":1}},"1":{"start":{"line":8,"column":2},"end":{"line":22,"column":4}},"2":{"start":{"line":25,"column":0},"end":{"line":30,"column":2}}},"fnMap":{"0":{"name":"(anonymous_0)","decl":{"start":{"line":7,"column":23},"end":{"line":7,"column":24}},"loc":{"start":{"line":7,"column":72},"end":{"line":23,"column":1}},"line":7}},"branchMap":{"0":{"loc":{"start":{"line":7,"column":39},"end":{"line":7,"column":57}},"type":"default-arg","locations":[{"start":{"line":7,"column":52},"end":{"line":7,"column":57}}],"line":7},"1":{"loc":{"start":{"line":15,"column":9},"end":{"line":19,"column":9}},"type":"binary-expr","locations":[{"start":{"line":15,"column":9},"end":{"line":15,"column":15}},{"start":{"line":16,"column":10},"end":{"line":18,"column":19}}],"line":15}},"s":{"0":1,"1":2,"2":1},"f":{"0":2},"b":{"0":[1],"1":[2,2]},"_coverageSchema":"1a1c01bbd47fc00a2c39e90264f33305004495a9","hash":"53f138c8b4c93bf23bf58e9db22082add56346f0"}
,"/home/kaua/landing_page_project/src/components/SectionContent/styles.js": {"path":"/home/kaua/landing_page_project/src/components/SectionContent/styles.js","statementMap":{"0":{"start":{"line":5,"column":30},"end":{"line":12,"column":1}},"1":{"start":{"line":6,"column":19},"end":{"line":11,"column":3}},"2":{"start":{"line":14,"column":29},"end":{"line":23,"column":1}},"3":{"start":{"line":15,"column":19},"end":{"line":22,"column":3}},"4":{"start":{"line":25,"column":25},"end":{"line":39,"column":1}},"5":{"start":{"line":26,"column":31},"end":{"line":38,"column":3}}},"fnMap":{"0":{"name":"(anonymous_0)","decl":{"start":{"line":6,"column":4},"end":{"line":6,"column":5}},"loc":{"start":{"line":6,"column":19},"end":{"line":11,"column":3}},"line":6},"1":{"name":"(anonymous_1)","decl":{"start":{"line":15,"column":4},"end":{"line":15,"column":5}},"loc":{"start":{"line":15,"column":19},"end":{"line":22,"column":3}},"line":15},"2":{"name":"(anonymous_2)","decl":{"start":{"line":26,"column":4},"end":{"line":26,"column":5}},"loc":{"start":{"line":26,"column":31},"end":{"line":38,"column":3}},"line":26}},"branchMap":{"0":{"loc":{"start":{"line":30,"column":8},"end":{"line":30,"column":73}},"type":"cond-expr","locations":[{"start":{"line":30,"column":27},"end":{"line":30,"column":45}},{"start":{"line":30,"column":48},"end":{"line":30,"column":73}}],"line":30}},"s":{"0":1,"1":2,"2":1,"3":2,"4":1,"5":2},"f":{"0":2,"1":2,"2":2},"b":{"0":[1,1]},"_coverageSchema":"1a1c01bbd47fc00a2c39e90264f33305004495a9","hash":"46709de740dcab3a4d161ea6d69ccd44e2fe5541"}
,"/home/kaua/landing_page_project/src/components/SectionTwoColumns/index.jsx": {"path":"/home/kaua/landing_page_project/src/components/SectionTwoColumns/index.jsx","statementMap":{"0":{"start":{"line":8,"column":26},"end":{"line":31,"column":1}},"1":{"start":{"line":15,"column":2},"end":{"line":30,"column":4}},"2":{"start":{"line":33,"column":0},"end":{"line":39,"column":2}}},"fnMap":{"0":{"name":"(anonymous_0)","decl":{"start":{"line":8,"column":26},"end":{"line":8,"column":27}},"loc":{"start":{"line":14,"column":6},"end":{"line":31,"column":1}},"line":14}},"branchMap":{"0":{"loc":{"start":{"line":12,"column":2},"end":{"line":12,"column":20}},"type":"default-arg","locations":[{"start":{"line":12,"column":15},"end":{"line":12,"column":20}}],"line":12},"1":{"loc":{"start":{"line":21,"column":11},"end":{"line":25,"column":11}},"type":"binary-expr","locations":[{"start":{"line":21,"column":11},"end":{"line":21,"column":17}},{"start":{"line":22,"column":12},"end":{"line":24,"column":21}}],"line":21}},"s":{"0":1,"1":2,"2":1},"f":{"0":2},"b":{"0":[1],"1":[2,2]},"_coverageSchema":"1a1c01bbd47fc00a2c39e90264f33305004495a9","hash":"5db6d1bd504ae714ee229927cb1a485c49c41b5c"}
,"/home/kaua/landing_page_project/src/components/SectionTwoColumns/styles.js": {"path":"/home/kaua/landing_page_project/src/components/SectionTwoColumns/styles.js","statementMap":{"0":{"start":{"line":5,"column":29},"end":{"line":12,"column":1}},"1":{"start":{"line":6,"column":19},"end":{"line":11,"column":3}},"2":{"start":{"line":14,"column":21},"end":{"line":22,"column":1}},"3":{"start":{"line":15,"column":21},"end":{"line":21,"column":3}},"4":{"start":{"line":24,"column":25},"end":{"line":45,"column":1}},"5":{"start":{"line":25,"column":31},"end":{"line":44,"column":3}}},"fnMap":{"0":{"name":"(anonymous_0)","decl":{"start":{"line":6,"column":4},"end":{"line":6,"column":5}},"loc":{"start":{"line":6,"column":19},"end":{"line":11,"column":3}},"line":6},"1":{"name":"(anonymous_1)","decl":{"start":{"line":15,"column":6},"end":{"line":15,"column":7}},"loc":{"start":{"line":15,"column":21},"end":{"line":21,"column":3}},"line":15},"2":{"name":"(anonymous_2)","decl":{"start":{"line":25,"column":4},"end":{"line":25,"column":5}},"loc":{"start":{"line":25,"column":31},"end":{"line":44,"column":3}},"line":25}},"branchMap":{"0":{"loc":{"start":{"line":37,"column":8},"end":{"line":37,"column":73}},"type":"cond-expr","locations":[{"start":{"line":37,"column":27},"end":{"line":37,"column":45}},{"start":{"line":37,"column":48},"end":{"line":37,"column":73}}],"line":37}},"s":{"0":1,"1":2,"2":1,"3":2,"4":1,"5":2},"f":{"0":2,"1":2,"2":2},"b":{"0":[1,1]},"_coverageSchema":"1a1c01bbd47fc00a2c39e90264f33305004495a9","hash":"57befe83a7c5f91fd1995bbebbdd9f55c080ff13"}
,"/home/kaua/landing_page_project/src/components/TextComponent/index.jsx": {"path":"/home/kaua/landing_page_project/src/components/TextComponent/index.jsx","statementMap":{"0":{"start":{"line":4,"column":22},"end":{"line":6,"column":1}},"1":{"start":{"line":5,"column":2},"end":{"line":5,"column":47}},"2":{"start":{"line":8,"column":0},"end":{"line":10,"column":2}}},"fnMap":{"0":{"name":"(anonymous_0)","decl":{"start":{"line":4,"column":22},"end":{"line":4,"column":23}},"loc":{"start":{"line":4,"column":40},"end":{"line":6,"column":1}},"line":4}},"branchMap":{},"s":{"0":6,"1":49,"2":6},"f":{"0":49},"b":{},"_coverageSchema":"1a1c01bbd47fc00a2c39e90264f33305004495a9","hash":"10dfd39d5f2c18f7b6408db51249c16ee9fbb834"}
,"/home/kaua/landing_page_project/src/components/TextComponent/styles.js": {"path":"/home/kaua/landing_page_project/src/components/TextComponent/styles.js","statementMap":{"0":{"start":{"line":3,"column":20},"end":{"line":7,"column":1}},"1":{"start":{"line":4,"column":19},"end":{"line":6,"column":3}}},"fnMap":{"0":{"name":"(anonymous_0)","decl":{"start":{"line":4,"column":4},"end":{"line":4,"column":5}},"loc":{"start":{"line":4,"column":19},"end":{"line":6,"column":3}},"line":4}},"branchMap":{},"s":{"0":6,"1":49},"f":{"0":49},"b":{},"_coverageSchema":"1a1c01bbd47fc00a2c39e90264f33305004495a9","hash":"2b3a2b8d1d1ac4048615238c80210ee8ff1732ca"}
,"/home/kaua/landing_page_project/src/templates/Base/index.jsx": {"path":"/home/kaua/landing_page_project/src/templates/Base/index.jsx","statementMap":{"0":{"start":{"line":6,"column":13},"end":{"line":15,"column":1}},"1":{"start":{"line":7,"column":2},"end":{"line":14,"column":4}},"2":{"start":{"line":17,"column":0},"end":{"line":21,"column":2}}},"fnMap":{"0":{"name":"(anonymous_0)","decl":{"start":{"line":6,"column":13},"end":{"line":6,"column":14}},"loc":{"start":{"line":6,"column":60},"end":{"line":15,"column":1}},"line":6}},"branchMap":{},"s":{"0":1,"1":1,"2":1},"f":{"0":1},"b":{},"_coverageSchema":"1a1c01bbd47fc00a2c39e90264f33305004495a9","hash":"201cf511c8b61fe2b72046353ba8c08007ae829d"}
,"/home/kaua/landing_page_project/src/templates/Base/styles.js": {"path":"/home/kaua/landing_page_project/src/templates/Base/styles.js","statementMap":{},"fnMap":{},"branchMap":{},"s":{},"f":{},"b":{}}
,"/home/kaua/landing_page_project/src/templates/Home/index.jsx": {"path":"/home/kaua/landing_page_project/src/templates/Home/index.jsx","statementMap":{"0":{"start":{"line":4,"column":13},"end":{"line":6,"column":1}},"1":{"start":{"line":5,"column":2},"end":{"line":5,"column":32}}},"fnMap":{"0":{"name":"(anonymous_0)","decl":{"start":{"line":4,"column":13},"end":{"line":4,"column":14}},"loc":{"start":{"line":4,"column":19},"end":{"line":6,"column":1}},"line":4}},"branchMap":{},"s":{"0":1,"1":1},"f":{"0":1},"b":{},"_coverageSchema":"1a1c01bbd47fc00a2c39e90264f33305004495a9","hash":"1ae93ae747287f129514efe24ae9edd16a6cd84b"}
}
