TN:
SF:src/main.jsx
FNF:0
FNH:0
DA:6,0
LF:1
LH:0
BRF:0
BRH:0
end_of_record
TN:
SF:src/components/Button/index.jsx
FN:4,(anonymous_0)
FNF:1
FNH:1
FNDA:6,(anonymous_0)
DA:4,2
DA:5,6
DA:12,2
LF:3
LH:3
BRDA:4,0,0,2
BRDA:4,1,0,3
BRF:2
BRH:2
end_of_record
TN:
SF:src/components/Button/styles.js
FN:4,(anonymous_0)
FN:9,(anonymous_1)
FN:18,(anonymous_2)
FNF:3
FNH:3
FNDA:5,(anonymous_0)
FNDA:1,(anonymous_1)
FNDA:6,(anonymous_2)
DA:3,2
DA:4,5
DA:9,1
DA:15,2
DA:17,2
DA:18,6
LF:6
LH:6
BRF:0
BRH:0
end_of_record
TN:
SF:src/components/Heading/index.jsx
FN:4,(anonymous_0)
FNF:1
FNH:1
FNDA:13,(anonymous_0)
DA:4,2
DA:11,13
DA:18,2
LF:3
LH:3
BRDA:6,0,0,8
BRDA:7,1,0,11
BRDA:8,2,0,12
BRDA:9,3,0,9
BRF:4
BRH:4
end_of_record
TN:
SF:src/components/Heading/styles.js
FN:4,(anonymous_0)
FN:8,(anonymous_1)
FN:12,(anonymous_2)
FN:16,(anonymous_3)
FN:22,(anonymous_4)
FN:29,(anonymous_5)
FNF:6
FNH:6
FNDA:1,(anonymous_0)
FNDA:9,(anonymous_1)
FNDA:1,(anonymous_2)
FNDA:2,(anonymous_3)
FNDA:2,(anonymous_4)
FNDA:13,(anonymous_5)
DA:3,2
DA:4,1
DA:8,9
DA:12,1
DA:16,2
DA:22,2
DA:28,2
DA:29,13
LF:8
LH:8
BRDA:30,0,0,12
BRDA:30,0,1,1
BRDA:31,1,0,1
BRDA:31,1,1,12
BRF:4
BRH:4
end_of_record
TN:
SF:src/components/SectionBackground/index.jsx
FN:5,(anonymous_0)
FNF:1
FNH:1
FNDA:6,(anonymous_0)
DA:5,2
DA:6,6
DA:13,2
LF:3
LH:3
BRDA:5,0,0,5
BRF:1
BRH:1
end_of_record
TN:
SF:src/components/SectionBackground/styles.js
FN:4,(anonymous_0)
FNF:1
FNH:1
FNDA:6,(anonymous_0)
DA:3,2
DA:4,6
LF:2
LH:2
BRDA:6,0,0,1
BRDA:6,0,1,5
BRDA:8,1,0,1
BRDA:8,1,1,5
BRF:4
BRH:4
end_of_record
TN:
SF:src/components/SectionBox/index.jsx
FN:8,(anonymous_0)
FN:13,(anonymous_1)
FNF:2
FNH:2
FNDA:4,(anonymous_0)
FNDA:9,(anonymous_1)
DA:8,1
DA:9,4
DA:14,9
DA:28,1
LF:4
LH:4
BRDA:8,0,0,1
BRDA:8,1,0,1
BRDA:16,2,0,1
BRDA:16,2,1,3
BRF:4
BRH:4
end_of_record
TN:
SF:src/components/SectionBox/styles.js
FN:7,(anonymous_0)
FNF:1
FNH:1
FNDA:4,(anonymous_0)
DA:6,1
DA:7,4
LF:2
LH:2
BRF:0
BRH:0
end_of_record
TN:
SF:src/components/SectionContainer/index.jsx
FN:4,(anonymous_0)
FNF:1
FNH:1
FNDA:7,(anonymous_0)
DA:4,3
DA:5,7
DA:8,3
LF:3
LH:3
BRF:0
BRH:0
end_of_record
TN:
SF:src/components/SectionContainer/styles.js
FN:4,(anonymous_0)
FNF:1
FNH:1
FNDA:7,(anonymous_0)
DA:3,3
DA:4,7
LF:2
LH:2
BRF:0
BRH:0
end_of_record
TN:
SF:src/components/TextComponent/index.jsx
FN:4,(anonymous_0)
FNF:1
FNH:1
FNDA:11,(anonymous_0)
DA:4,2
DA:5,11
DA:8,2
LF:3
LH:3
BRF:0
BRH:0
end_of_record
TN:
SF:src/components/TextComponent/styles.js
FN:4,(anonymous_0)
FNF:1
FNH:1
FNDA:11,(anonymous_0)
DA:3,2
DA:4,11
LF:2
LH:2
BRF:0
BRH:0
end_of_record
TN:
SF:src/templates/Home/index.jsx
FN:1,(anonymous_0)
FNF:1
FNH:1
FNDA:1,(anonymous_0)
DA:1,1
DA:2,1
LF:2
LH:2
BRF:0
BRH:0
end_of_record
TN:
SF:src/templates/Home/styles.js
FNF:0
FNH:0
LF:0
LH:0
BRF:0
BRH:0
end_of_record
