TN:
SF:src/main.jsx
FNF:0
FNH:0
DA:6,0
LF:1
LH:0
BRF:0
BRH:0
end_of_record
TN:
SF:src/components/Button/index.jsx
FN:4,(anonymous_0)
FNF:1
FNH:1
FNDA:3,(anonymous_0)
DA:4,1
DA:5,3
DA:12,1
LF:3
LH:3
BRDA:4,0,0,2
BRDA:4,1,0,3
BRF:2
BRH:2
end_of_record
TN:
SF:src/components/Button/styles.js
FN:4,(anonymous_0)
FN:9,(anonymous_1)
FN:18,(anonymous_2)
FNF:3
FNH:3
FNDA:2,(anonymous_0)
FNDA:1,(anonymous_1)
FNDA:3,(anonymous_2)
DA:3,1
DA:4,2
DA:9,1
DA:15,1
DA:17,1
DA:18,3
LF:6
LH:6
BRF:0
BRH:0
end_of_record
TN:
SF:src/components/Heading/index.jsx
FN:4,(anonymous_0)
FNF:1
FNH:1
FNDA:9,(anonymous_0)
DA:4,1
DA:11,9
DA:18,1
LF:3
LH:3
BRDA:6,0,0,8
BRDA:7,1,0,7
BRDA:8,2,0,8
BRDA:9,3,0,5
BRF:4
BRH:4
end_of_record
TN:
SF:src/components/Heading/styles.js
FN:4,(anonymous_0)
FN:8,(anonymous_1)
FN:12,(anonymous_2)
FN:16,(anonymous_3)
FN:22,(anonymous_4)
FN:29,(anonymous_5)
FNF:6
FNH:6
FNDA:1,(anonymous_0)
FNDA:5,(anonymous_1)
FNDA:1,(anonymous_2)
FNDA:2,(anonymous_3)
FNDA:2,(anonymous_4)
FNDA:9,(anonymous_5)
DA:3,1
DA:4,1
DA:8,5
DA:12,1
DA:16,2
DA:22,2
DA:28,1
DA:29,9
LF:8
LH:8
BRDA:30,0,0,8
BRDA:30,0,1,1
BRDA:31,1,0,1
BRDA:31,1,1,8
BRF:4
BRH:4
end_of_record
TN:
SF:src/components/SectionBackground/index.jsx
FN:5,(anonymous_0)
FNF:1
FNH:1
FNDA:2,(anonymous_0)
DA:5,1
DA:6,2
DA:13,1
LF:3
LH:3
BRDA:5,0,0,1
BRF:1
BRH:1
end_of_record
TN:
SF:src/components/SectionBackground/styles.js
FN:4,(anonymous_0)
FNF:1
FNH:1
FNDA:2,(anonymous_0)
DA:3,1
DA:4,2
LF:2
LH:2
BRDA:6,0,0,1
BRDA:6,0,1,1
BRDA:8,1,0,1
BRDA:8,1,1,1
BRF:4
BRH:4
end_of_record
TN:
SF:src/components/SectionContainer/index.jsx
FN:4,(anonymous_0)
FNF:1
FNH:1
FNDA:3,(anonymous_0)
DA:4,2
DA:5,3
DA:8,2
LF:3
LH:3
BRF:0
BRH:0
end_of_record
TN:
SF:src/components/SectionContainer/styles.js
FN:4,(anonymous_0)
FNF:1
FNH:1
FNDA:3,(anonymous_0)
DA:3,2
DA:4,3
LF:2
LH:2
BRF:0
BRH:0
end_of_record
TN:
SF:src/components/TextComponent/index.jsx
FN:4,(anonymous_0)
FNF:1
FNH:1
FNDA:2,(anonymous_0)
DA:4,1
DA:5,2
DA:8,1
LF:3
LH:3
BRF:0
BRH:0
end_of_record
TN:
SF:src/components/TextComponent/styles.js
FN:4,(anonymous_0)
FNF:1
FNH:1
FNDA:2,(anonymous_0)
DA:3,1
DA:4,2
LF:2
LH:2
BRF:0
BRH:0
end_of_record
TN:
SF:src/templates/Home/index.jsx
FN:1,(anonymous_0)
FNF:1
FNH:1
FNDA:1,(anonymous_0)
DA:1,1
DA:2,1
LF:2
LH:2
BRF:0
BRH:0
end_of_record
TN:
SF:src/templates/Home/styles.js
FNF:0
FNH:0
LF:0
LH:0
BRF:0
BRH:0
end_of_record
